#
# There is insufficient memory for the Java Runtime Environment to continue.
# Native memory allocation (mmap) failed to map 29360128 bytes for Failed to commit area from 0x0000000088c00000 to 0x000000008a800000 of length 29360128.
# Possible reasons:
#   The system is out of physical RAM or swap space
#   The process is running with CompressedOops enabled, and the Java Heap may be blocking the growth of the native heap
# Possible solutions:
#   Reduce memory load on the system
#   Increase physical memory or swap space
#   Check if swap backing store is full
#   Decrease Java heap size (-Xmx/-Xms)
#   Decrease number of Java threads
#   Decrease Java thread stack sizes (-Xss)
#   Set larger code cache with -XX:ReservedCodeCacheSize=
#   JVM is running with Unscaled Compressed Oops mode in which the Java heap is
#     placed in the first 4GB address space. The Java Heap base address is the
#     maximum limit for the native heap growth. Please use -XX:HeapBaseMinAddress
#     to set the Java Heap base and to place the Java Heap above 4GB virtual address.
# This output file may be truncated or incomplete.
#
#  Out of Memory Error (./src/hotspot/os/windows/os_windows.cpp:3303), pid=18776, tid=7640
#
# JRE version: OpenJDK Runtime Environment (11.0.8+10) (build 11.0.8+10-b944.6842174)
# Java VM: OpenJDK 64-Bit Server VM (11.0.8+10-b944.6842174, mixed mode, tiered, compressed oops, g1 gc, windows-amd64)
# No core dump will be written. Minidumps are not enabled by default on client versions of Windows
#

---------------  S U M M A R Y ------------

Command Line: --add-opens=java.base/java.util=ALL-UNNAMED --add-opens=java.base/java.lang=ALL-UNNAMED --add-opens=java.base/java.lang.invoke=ALL-UNNAMED --add-opens=java.prefs/java.util.prefs=ALL-UNNAMED -Xmx2048m -Dfile.encoding=UTF-8 -Duser.country=TR -Duser.language=tr -Duser.variant org.gradle.launcher.daemon.bootstrap.GradleDaemon 6.7.1

Host: AMD Ryzen 7 3700U with Radeon Vega Mobile Gfx  , 8 cores, 5G,  Windows 10 , 64 bit Build 19041 (10.0.19041.1023)
Time: Mon Jul  5 10:58:16 2021 Türkiye Standart Saati elapsed time: 42 seconds (0d 0h 0m 42s)

---------------  T H R E A D  ---------------

Current thread (0x000002b849898000):  VMThread "VM Thread" [stack: 0x000000ef23c00000,0x000000ef23d00000] [id=7640]

Stack: [0x000000ef23c00000,0x000000ef23d00000]
[error occurred during error reporting (printing stack bounds), id 0xc0000005, EXCEPTION_ACCESS_VIOLATION (0xc0000005) at pc=0x000002b832f30dad]

Native frames: (J=compiled Java code, j=interpreted, Vv=VM code, C=native code)
V  [jvm.dll+0x5de50a]
V  [jvm.dll+0x7122f5]
V  [jvm.dll+0x71384d]
V  [jvm.dll+0x713e65]
V  [jvm.dll+0x713e1b]
V  [jvm.dll+0x5dd958]
V  [jvm.dll+0x5de0f8]
C  [ntdll.dll+0xa217f]
C  [ntdll.dll+0x51454]
C  [ntdll.dll+0xa0cae]
C  0x000002b832f30dad

VM_Operation (0x000000ef26cfbaa0): G1CollectForAllocation, mode: safepoint, requested by thread 0x000002b84afc7800


---------------  P R O C E S S  ---------------

Threads class SMR info:
_java_thread_list=0x000002b84d5718b0, length=174, elements={
0x000002b82f5b3800, 0x000002b84989c000, 0x000002b8498a5000, 0x000002b8498b6000,
0x000002b8498b8000, 0x000002b8498b9000, 0x000002b8498c1000, 0x000002b8498d2800,
0x000002b84a371800, 0x000002b84a382000, 0x000002b84bc8a800, 0x000002b84c9bc800,
0x000002b84b75f000, 0x000002b84bd5b000, 0x000002b84c07f000, 0x000002b84b149800,
0x000002b84b594000, 0x000002b84bd52800, 0x000002b84c689000, 0x000002b84bbd3800,
0x000002b84cd50000, 0x000002b84cd50800, 0x000002b84cd53000, 0x000002b84cd51800,
0x000002b84cd54000, 0x000002b84cd54800, 0x000002b84cd4f000, 0x000002b84cd55800,
0x000002b84afc8000, 0x000002b84afc9000, 0x000002b84afca800, 0x000002b84afcc800,
0x000002b84afcb800, 0x000002b84afc6800, 0x000002b84afc7800, 0x000002b84afd3000,
0x000002b84afce800, 0x000002b84afcd000, 0x000002b84afd1000, 0x000002b84afcf800,
0x000002b84afd3800, 0x000002b84afd0800, 0x000002b84afd2000, 0x000002b84afce000,
0x000002b84dc1e800, 0x000002b84dc20800, 0x000002b84dc23800, 0x000002b84dc1f800,
0x000002b84dc25000, 0x000002b84dc26000, 0x000002b84dc24800, 0x000002b84dc27000,
0x000002b84dc22800, 0x000002b84dc21000, 0x000002b84dc27800, 0x000002b84dc22000,
0x000002b84dc2d800, 0x000002b84dc2a000, 0x000002b84dc2b000, 0x000002b84dc2b800,
0x000002b84dc2c800, 0x000002b84dc28800, 0x000002b84dc29000, 0x000002b84ddfb800,
0x000002b84ddfa800, 0x000002b84ddfa000, 0x000002b84ddf8800, 0x000002b84ddff000,
0x000002b84ddfc800, 0x000002b84ddfd000, 0x000002b84ddf9000, 0x000002b84ddff800,
0x000002b84de00800, 0x000002b84de01000, 0x000002b84ddfe000, 0x000002b84de03000,
0x000002b84de03800, 0x000002b84de02000, 0x000002b84de07000, 0x000002b84de04800,
0x000002b84de05800, 0x000002b84de06000, 0x000002b84c617000, 0x000002b84c618800,
0x000002b84c618000, 0x000002b84c616800, 0x000002b84c614800, 0x000002b84c615800,
0x000002b84c613000, 0x000002b84c619800, 0x000002b84c614000, 0x000002b84c61d800,
0x000002b84c61a800, 0x000002b84c620000, 0x000002b84c621000, 0x000002b84c61f800,
0x000002b84c61b000, 0x000002b84c621800, 0x000002b84c61c000, 0x000002b84c61e800,
0x000002b84c61d000, 0x000002b84fa06000, 0x000002b84fa00800, 0x000002b84fa07000,
0x000002b84fa03800, 0x000002b84fa01000, 0x000002b84fa07800, 0x000002b84fa02800,
0x000002b84fa02000, 0x000002b84fa08800, 0x000002b84fa09800, 0x000002b84fa0a000,
0x000002b84fa04800, 0x000002b84fa0b000, 0x000002b84fa05000, 0x000002b84fa0e000,
0x000002b84fa0b800, 0x000002b84fa0c800, 0x000002b84fa0f000, 0x000002b84fa0d800,
0x000002b84de96000, 0x000002b84de98800, 0x000002b84de99000, 0x000002b84de97800,
0x000002b84de96800, 0x000002b84de9b000, 0x000002b84de9a000, 0x000002b84de95000,
0x000002b84de9f800, 0x000002b84dea1800, 0x000002b84de9e000, 0x000002b84de9f000,
0x000002b84de9d800, 0x000002b84de9b800, 0x000002b84dea0800, 0x000002b84dea2000,
0x000002b84de9c800, 0x000002b84dea3000, 0x000002b84dea4000, 0x000002b84c144800,
0x000002b84c146000, 0x000002b84c145000, 0x000002b84c142000, 0x000002b84c141000,
0x000002b84c148800, 0x000002b84c146800, 0x000002b84c142800, 0x000002b84c147800,
0x000002b84c149000, 0x000002b84c143800, 0x000002b84c14b000, 0x000002b84c14d800,
0x000002b84c14f000, 0x000002b84c14b800, 0x000002b84c14e000, 0x000002b84c14f800,
0x000002b84c14c800, 0x000002b84c14a000, 0x000002b84d3ae000, 0x000002b84d3ae800,
0x000002b84d3af800, 0x000002b84d3ad000, 0x000002b84d3b0800, 0x000002b84d3b2000,
0x000002b84d3ac800, 0x000002b84f83d000, 0x000002b84f83f800, 0x000002b84f83d800,
0x000002b84f83e800, 0x000002b84f840000, 0x000002b84f83b800, 0x000002b84f842000,
0x000002b84f83c000, 0x000002b84f847800
}

Java Threads: ( => current thread )
  0x000002b82f5b3800 JavaThread "main" [_thread_blocked, id=6852, stack(0x000000ef23600000,0x000000ef23700000)]
  0x000002b84989c000 JavaThread "Reference Handler" daemon [_thread_blocked, id=19820, stack(0x000000ef23d00000,0x000000ef23e00000)]
  0x000002b8498a5000 JavaThread "Finalizer" daemon [_thread_blocked, id=2564, stack(0x000000ef23e00000,0x000000ef23f00000)]
  0x000002b8498b6000 JavaThread "Signal Dispatcher" daemon [_thread_blocked, id=4532, stack(0x000000ef23f00000,0x000000ef24000000)]
  0x000002b8498b8000 JavaThread "Attach Listener" daemon [_thread_blocked, id=20832, stack(0x000000ef24000000,0x000000ef24100000)]
  0x000002b8498b9000 JavaThread "C2 CompilerThread0" daemon [_thread_blocked, id=3520, stack(0x000000ef24100000,0x000000ef24200000)]
  0x000002b8498c1000 JavaThread "C1 CompilerThread0" daemon [_thread_blocked, id=3648, stack(0x000000ef24200000,0x000000ef24300000)]
  0x000002b8498d2800 JavaThread "Sweeper thread" daemon [_thread_blocked, id=17480, stack(0x000000ef24300000,0x000000ef24400000)]
  0x000002b84a371800 JavaThread "Common-Cleaner" daemon [_thread_blocked, id=11728, stack(0x000000ef24400000,0x000000ef24500000)]
  0x000002b84a382000 JavaThread "Service Thread" daemon [_thread_blocked, id=15204, stack(0x000000ef24500000,0x000000ef24600000)]
  0x000002b84bc8a800 JavaThread "Daemon health stats" [_thread_blocked, id=17140, stack(0x000000ef24a00000,0x000000ef24b00000)]
  0x000002b84c9bc800 JavaThread "Incoming local TCP Connector on port 65070" [_thread_in_native, id=8760, stack(0x000000ef24c00000,0x000000ef24d00000)]
  0x000002b84b75f000 JavaThread "Daemon periodic checks" [_thread_blocked, id=20064, stack(0x000000ef24d00000,0x000000ef24e00000)]
  0x000002b84bd5b000 JavaThread "Daemon" [_thread_blocked, id=19316, stack(0x000000ef24e00000,0x000000ef24f00000)]
  0x000002b84c07f000 JavaThread "Handler for socket connection from /127.0.0.1:65070 to /127.0.0.1:65071" [_thread_in_native, id=11316, stack(0x000000ef24f00000,0x000000ef25000000)]
  0x000002b84b149800 JavaThread "Cancel handler" [_thread_blocked, id=17120, stack(0x000000ef25700000,0x000000ef25800000)]
  0x000002b84b594000 JavaThread "Daemon worker" [_thread_blocked, id=8344, stack(0x000000ef25800000,0x000000ef25900000)]
  0x000002b84bd52800 JavaThread "Asynchronous log dispatcher for DefaultDaemonConnection: socket connection from /127.0.0.1:65070 to /127.0.0.1:65071" [_thread_blocked, id=14744, stack(0x000000ef25a00000,0x000000ef25b00000)]
  0x000002b84c689000 JavaThread "Stdin handler" [_thread_blocked, id=17148, stack(0x000000ef25b00000,0x000000ef25c00000)]
  0x000002b84bbd3800 JavaThread "Thread-8" [_thread_blocked, id=6744, stack(0x000000ef25c00000,0x000000ef25d00000)]
  0x000002b84cd50000 JavaThread "Cache worker for file hash cache (C:\Users\gulsa\.gradle\caches\6.7.1\fileHashes)" [_thread_blocked, id=12096, stack(0x000000ef25d00000,0x000000ef25e00000)]
  0x000002b84cd50800 JavaThread "File lock request listener" [_thread_in_native, id=2948, stack(0x000000ef25e00000,0x000000ef25f00000)]
  0x000002b84cd53000 JavaThread "Cache worker for journal cache (C:\Users\gulsa\.gradle\caches\journal-1)" [_thread_blocked, id=12832, stack(0x000000ef25f00000,0x000000ef26000000)]
  0x000002b84cd51800 JavaThread "Cache worker for file hash cache (C:\Users\gulsa\Desktop\androidProjects\hathor\.gradle\6.7.1\fileHashes)" [_thread_blocked, id=20820, stack(0x000000ef26100000,0x000000ef26200000)]
  0x000002b84cd54000 JavaThread "Cache worker for checksums cache (C:\Users\gulsa\Desktop\androidProjects\hathor\.gradle\checksums)" [_thread_blocked, id=20856, stack(0x000000ef26200000,0x000000ef26300000)]
  0x000002b84cd54800 JavaThread "Cache worker for cache directory md-supplier (C:\Users\gulsa\.gradle\caches\6.7.1\md-supplier)" [_thread_blocked, id=18856, stack(0x000000ef26000000,0x000000ef26100000)]
  0x000002b84cd4f000 JavaThread "Cache worker for cache directory md-rule (C:\Users\gulsa\.gradle\caches\6.7.1\md-rule)" [_thread_blocked, id=8460, stack(0x000000ef26400000,0x000000ef26500000)]
  0x000002b84cd55800 JavaThread "Cache worker for execution history cache (C:\Users\gulsa\.gradle\caches\6.7.1\executionHistory)" [_thread_blocked, id=10756, stack(0x000000ef26300000,0x000000ef26400000)]
  0x000002b84afc8000 JavaThread "jar transforms" [_thread_blocked, id=16284, stack(0x000000ef26700000,0x000000ef26800000)]
  0x000002b84afc9000 JavaThread "Cache worker for file content cache (C:\Users\gulsa\.gradle\caches\6.7.1\fileContent)" [_thread_blocked, id=12460, stack(0x000000ef26800000,0x000000ef26900000)]
  0x000002b84afca800 JavaThread "Cache worker for Build Output Cleanup Cache (C:\Users\gulsa\Desktop\androidProjects\hathor\.gradle\buildOutputCleanup)" [_thread_blocked, id=18816, stack(0x000000ef26600000,0x000000ef26700000)]
  0x000002b84afcc800 JavaThread "Build operations" [_thread_blocked, id=8708, stack(0x000000ef26900000,0x000000ef26a00000)]
  0x000002b84afcb800 JavaThread "Build operations Thread 2" [_thread_blocked, id=11880, stack(0x000000ef26a00000,0x000000ef26b00000)]
  0x000002b84afc6800 JavaThread "Build operations Thread 3" [_thread_blocked, id=4168, stack(0x000000ef26b00000,0x000000ef26c00000)]
  0x000002b84afc7800 JavaThread "Build operations Thread 4" [_thread_blocked, id=2152, stack(0x000000ef26c00000,0x000000ef26d00000)]
  0x000002b84afd3000 JavaThread "Build operations Thread 5" [_thread_blocked, id=3736, stack(0x000000ef26d00000,0x000000ef26e00000)]
  0x000002b84afce800 JavaThread "Build operations Thread 6" [_thread_blocked, id=10424, stack(0x000000ef26e00000,0x000000ef26f00000)]
  0x000002b84afcd000 JavaThread "Build operations Thread 7" [_thread_blocked, id=16324, stack(0x000000ef26f00000,0x000000ef27000000)]
  0x000002b84afd1000 JavaThread "Build operations Thread 8" [_thread_blocked, id=19800, stack(0x000000ef27000000,0x000000ef27100000)]
  0x000002b84afcf800 JavaThread "jar transforms Thread 2" [_thread_blocked, id=19504, stack(0x000000ef27100000,0x000000ef27200000)]
  0x000002b84afd3800 JavaThread "jar transforms Thread 3" [_thread_blocked, id=20584, stack(0x000000ef27200000,0x000000ef27300000)]
  0x000002b84afd0800 JavaThread "jar transforms Thread 4" [_thread_blocked, id=4520, stack(0x000000ef27300000,0x000000ef27400000)]
  0x000002b84afd2000 JavaThread "jar transforms Thread 5" [_thread_blocked, id=3400, stack(0x000000ef27400000,0x000000ef27500000)]
  0x000002b84afce000 JavaThread "jar transforms Thread 6" [_thread_blocked, id=6428, stack(0x000000ef27500000,0x000000ef27600000)]
  0x000002b84dc1e800 JavaThread "jar transforms Thread 7" [_thread_blocked, id=11372, stack(0x000000ef27600000,0x000000ef27700000)]
  0x000002b84dc20800 JavaThread "jar transforms Thread 8" [_thread_blocked, id=20512, stack(0x000000ef27700000,0x000000ef27800000)]
  0x000002b84dc23800 JavaThread "jar transforms Thread 9" [_thread_blocked, id=14580, stack(0x000000ef27800000,0x000000ef27900000)]
  0x000002b84dc1f800 JavaThread "jar transforms Thread 10" [_thread_blocked, id=13672, stack(0x000000ef27900000,0x000000ef27a00000)]
  0x000002b84dc25000 JavaThread "jar transforms Thread 11" [_thread_blocked, id=10872, stack(0x000000ef27a00000,0x000000ef27b00000)]
  0x000002b84dc26000 JavaThread "jar transforms Thread 12" [_thread_blocked, id=20164, stack(0x000000ef27b00000,0x000000ef27c00000)]
  0x000002b84dc24800 JavaThread "jar transforms Thread 13" [_thread_blocked, id=11972, stack(0x000000ef27c00000,0x000000ef27d00000)]
  0x000002b84dc27000 JavaThread "jar transforms Thread 14" [_thread_blocked, id=1904, stack(0x000000ef27d00000,0x000000ef27e00000)]
  0x000002b84dc22800 JavaThread "jar transforms Thread 15" [_thread_blocked, id=18228, stack(0x000000ef27e00000,0x000000ef27f00000)]
  0x000002b84dc21000 JavaThread "jar transforms Thread 16" [_thread_blocked, id=1252, stack(0x000000ef27f00000,0x000000ef28000000)]
  0x000002b84dc27800 JavaThread "jar transforms Thread 17" [_thread_blocked, id=8816, stack(0x000000ef28000000,0x000000ef28100000)]
  0x000002b84dc22000 JavaThread "jar transforms Thread 18" [_thread_blocked, id=20760, stack(0x000000ef28100000,0x000000ef28200000)]
  0x000002b84dc2d800 JavaThread "jar transforms Thread 19" [_thread_blocked, id=9144, stack(0x000000ef28200000,0x000000ef28300000)]
  0x000002b84dc2a000 JavaThread "jar transforms Thread 20" [_thread_blocked, id=16116, stack(0x000000ef28300000,0x000000ef28400000)]
  0x000002b84dc2b000 JavaThread "jar transforms Thread 21" [_thread_blocked, id=14024, stack(0x000000ef28400000,0x000000ef28500000)]
  0x000002b84dc2b800 JavaThread "jar transforms Thread 22" [_thread_blocked, id=3172, stack(0x000000ef28500000,0x000000ef28600000)]
  0x000002b84dc2c800 JavaThread "jar transforms Thread 23" [_thread_blocked, id=7436, stack(0x000000ef28600000,0x000000ef28700000)]
  0x000002b84dc28800 JavaThread "jar transforms Thread 24" [_thread_blocked, id=16136, stack(0x000000ef28700000,0x000000ef28800000)]
  0x000002b84dc29000 JavaThread "jar transforms Thread 25" [_thread_blocked, id=11856, stack(0x000000ef28800000,0x000000ef28900000)]
  0x000002b84ddfb800 JavaThread "jar transforms Thread 26" [_thread_blocked, id=14040, stack(0x000000ef28900000,0x000000ef28a00000)]
  0x000002b84ddfa800 JavaThread "jar transforms Thread 27" [_thread_blocked, id=19776, stack(0x000000ef28a00000,0x000000ef28b00000)]
  0x000002b84ddfa000 JavaThread "jar transforms Thread 28" [_thread_blocked, id=11068, stack(0x000000ef28b00000,0x000000ef28c00000)]
  0x000002b84ddf8800 JavaThread "jar transforms Thread 29" [_thread_blocked, id=11236, stack(0x000000ef28c00000,0x000000ef28d00000)]
  0x000002b84ddff000 JavaThread "jar transforms Thread 30" [_thread_blocked, id=6796, stack(0x000000ef28d00000,0x000000ef28e00000)]
  0x000002b84ddfc800 JavaThread "jar transforms Thread 31" [_thread_blocked, id=7228, stack(0x000000ef28e00000,0x000000ef28f00000)]
  0x000002b84ddfd000 JavaThread "jar transforms Thread 32" [_thread_blocked, id=15340, stack(0x000000ef28f00000,0x000000ef29000000)]
  0x000002b84ddf9000 JavaThread "jar transforms Thread 33" [_thread_blocked, id=15384, stack(0x000000ef29000000,0x000000ef29100000)]
  0x000002b84ddff800 JavaThread "jar transforms Thread 34" [_thread_blocked, id=12384, stack(0x000000ef29100000,0x000000ef29200000)]
  0x000002b84de00800 JavaThread "jar transforms Thread 35" [_thread_blocked, id=16204, stack(0x000000ef29200000,0x000000ef29300000)]
  0x000002b84de01000 JavaThread "jar transforms Thread 36" [_thread_blocked, id=964, stack(0x000000ef29300000,0x000000ef29400000)]
  0x000002b84ddfe000 JavaThread "jar transforms Thread 37" [_thread_blocked, id=16060, stack(0x000000ef29400000,0x000000ef29500000)]
  0x000002b84de03000 JavaThread "jar transforms Thread 38" [_thread_blocked, id=17816, stack(0x000000ef29500000,0x000000ef29600000)]
  0x000002b84de03800 JavaThread "jar transforms Thread 39" [_thread_blocked, id=9012, stack(0x000000ef29600000,0x000000ef29700000)]
  0x000002b84de02000 JavaThread "jar transforms Thread 40" [_thread_blocked, id=15912, stack(0x000000ef29700000,0x000000ef29800000)]
  0x000002b84de07000 JavaThread "jar transforms Thread 41" [_thread_blocked, id=9112, stack(0x000000ef29800000,0x000000ef29900000)]
  0x000002b84de04800 JavaThread "jar transforms Thread 42" [_thread_blocked, id=21220, stack(0x000000ef29900000,0x000000ef29a00000)]
  0x000002b84de05800 JavaThread "jar transforms Thread 43" [_thread_blocked, id=19808, stack(0x000000ef29a00000,0x000000ef29b00000)]
  0x000002b84de06000 JavaThread "jar transforms Thread 44" [_thread_blocked, id=17364, stack(0x000000ef29b00000,0x000000ef29c00000)]
  0x000002b84c617000 JavaThread "jar transforms Thread 45" [_thread_blocked, id=1832, stack(0x000000ef29c00000,0x000000ef29d00000)]
  0x000002b84c618800 JavaThread "jar transforms Thread 46" [_thread_blocked, id=14424, stack(0x000000ef29d00000,0x000000ef29e00000)]
  0x000002b84c618000 JavaThread "jar transforms Thread 47" [_thread_blocked, id=8296, stack(0x000000ef29e00000,0x000000ef29f00000)]
  0x000002b84c616800 JavaThread "jar transforms Thread 48" [_thread_blocked, id=9620, stack(0x000000ef29f00000,0x000000ef2a000000)]
  0x000002b84c614800 JavaThread "jar transforms Thread 49" [_thread_blocked, id=13376, stack(0x000000ef2a000000,0x000000ef2a100000)]
  0x000002b84c615800 JavaThread "jar transforms Thread 50" [_thread_blocked, id=12392, stack(0x000000ef2a100000,0x000000ef2a200000)]
  0x000002b84c613000 JavaThread "jar transforms Thread 51" [_thread_blocked, id=20380, stack(0x000000ef2a200000,0x000000ef2a300000)]
  0x000002b84c619800 JavaThread "jar transforms Thread 52" [_thread_blocked, id=15088, stack(0x000000ef2a300000,0x000000ef2a400000)]
  0x000002b84c614000 JavaThread "jar transforms Thread 53" [_thread_blocked, id=18840, stack(0x000000ef2a400000,0x000000ef2a500000)]
  0x000002b84c61d800 JavaThread "jar transforms Thread 54" [_thread_blocked, id=8608, stack(0x000000ef2a500000,0x000000ef2a600000)]
  0x000002b84c61a800 JavaThread "jar transforms Thread 55" [_thread_blocked, id=5564, stack(0x000000ef2a600000,0x000000ef2a700000)]
  0x000002b84c620000 JavaThread "jar transforms Thread 56" [_thread_blocked, id=15128, stack(0x000000ef2a700000,0x000000ef2a800000)]
  0x000002b84c621000 JavaThread "jar transforms Thread 57" [_thread_blocked, id=19180, stack(0x000000ef2a800000,0x000000ef2a900000)]
  0x000002b84c61f800 JavaThread "jar transforms Thread 58" [_thread_blocked, id=9376, stack(0x000000ef2a900000,0x000000ef2aa00000)]
  0x000002b84c61b000 JavaThread "jar transforms Thread 59" [_thread_blocked, id=12004, stack(0x000000ef2aa00000,0x000000ef2ab00000)]
  0x000002b84c621800 JavaThread "jar transforms Thread 60" [_thread_blocked, id=1240, stack(0x000000ef2ab00000,0x000000ef2ac00000)]
  0x000002b84c61c000 JavaThread "jar transforms Thread 61" [_thread_blocked, id=14220, stack(0x000000ef2ac00000,0x000000ef2ad00000)]
  0x000002b84c61e800 JavaThread "jar transforms Thread 62" [_thread_blocked, id=13592, stack(0x000000ef2ad00000,0x000000ef2ae00000)]
  0x000002b84c61d000 JavaThread "jar transforms Thread 63" [_thread_blocked, id=9684, stack(0x000000ef2ae00000,0x000000ef2af00000)]
  0x000002b84fa06000 JavaThread "jar transforms Thread 64" [_thread_blocked, id=16740, stack(0x000000ef2af00000,0x000000ef2b000000)]
  0x000002b84fa00800 JavaThread "jar transforms Thread 65" [_thread_blocked, id=13996, stack(0x000000ef2b000000,0x000000ef2b100000)]
  0x000002b84fa07000 JavaThread "jar transforms Thread 66" [_thread_blocked, id=11640, stack(0x000000ef2b100000,0x000000ef2b200000)]
  0x000002b84fa03800 JavaThread "jar transforms Thread 67" [_thread_blocked, id=6904, stack(0x000000ef2b200000,0x000000ef2b300000)]
  0x000002b84fa01000 JavaThread "jar transforms Thread 68" [_thread_blocked, id=17488, stack(0x000000ef2b300000,0x000000ef2b400000)]
  0x000002b84fa07800 JavaThread "jar transforms Thread 69" [_thread_blocked, id=6204, stack(0x000000ef2b400000,0x000000ef2b500000)]
  0x000002b84fa02800 JavaThread "jar transforms Thread 70" [_thread_blocked, id=152, stack(0x000000ef2b500000,0x000000ef2b600000)]
  0x000002b84fa02000 JavaThread "jar transforms Thread 71" [_thread_blocked, id=3528, stack(0x000000ef2b600000,0x000000ef2b700000)]
  0x000002b84fa08800 JavaThread "jar transforms Thread 72" [_thread_blocked, id=14888, stack(0x000000ef2b700000,0x000000ef2b800000)]
  0x000002b84fa09800 JavaThread "jar transforms Thread 73" [_thread_blocked, id=7612, stack(0x000000ef2b800000,0x000000ef2b900000)]
  0x000002b84fa0a000 JavaThread "jar transforms Thread 74" [_thread_blocked, id=5472, stack(0x000000ef2b900000,0x000000ef2ba00000)]
  0x000002b84fa04800 JavaThread "jar transforms Thread 75" [_thread_blocked, id=18192, stack(0x000000ef2ba00000,0x000000ef2bb00000)]
  0x000002b84fa0b000 JavaThread "jar transforms Thread 76" [_thread_blocked, id=10636, stack(0x000000ef2bb00000,0x000000ef2bc00000)]
  0x000002b84fa05000 JavaThread "jar transforms Thread 77" [_thread_blocked, id=2456, stack(0x000000ef2bc00000,0x000000ef2bd00000)]
  0x000002b84fa0e000 JavaThread "jar transforms Thread 78" [_thread_blocked, id=8440, stack(0x000000ef2bd00000,0x000000ef2be00000)]
  0x000002b84fa0b800 JavaThread "jar transforms Thread 79" [_thread_blocked, id=6944, stack(0x000000ef2be00000,0x000000ef2bf00000)]
  0x000002b84fa0c800 JavaThread "jar transforms Thread 80" [_thread_blocked, id=6728, stack(0x000000ef2bf00000,0x000000ef2c000000)]
  0x000002b84fa0f000 JavaThread "jar transforms Thread 81" [_thread_blocked, id=11428, stack(0x000000ef2c000000,0x000000ef2c100000)]
  0x000002b84fa0d800 JavaThread "jar transforms Thread 82" [_thread_blocked, id=11196, stack(0x000000ef2c100000,0x000000ef2c200000)]
  0x000002b84de96000 JavaThread "jar transforms Thread 83" [_thread_blocked, id=16524, stack(0x000000ef2c200000,0x000000ef2c300000)]
  0x000002b84de98800 JavaThread "jar transforms Thread 84" [_thread_blocked, id=7512, stack(0x000000ef2c300000,0x000000ef2c400000)]
  0x000002b84de99000 JavaThread "jar transforms Thread 85" [_thread_blocked, id=8448, stack(0x000000ef2c400000,0x000000ef2c500000)]
  0x000002b84de97800 JavaThread "jar transforms Thread 86" [_thread_blocked, id=3612, stack(0x000000ef2c500000,0x000000ef2c600000)]
  0x000002b84de96800 JavaThread "jar transforms Thread 87" [_thread_blocked, id=19372, stack(0x000000ef2c600000,0x000000ef2c700000)]
  0x000002b84de9b000 JavaThread "jar transforms Thread 88" [_thread_blocked, id=20732, stack(0x000000ef2c700000,0x000000ef2c800000)]
  0x000002b84de9a000 JavaThread "jar transforms Thread 89" [_thread_blocked, id=15716, stack(0x000000ef2c800000,0x000000ef2c900000)]
  0x000002b84de95000 JavaThread "jar transforms Thread 90" [_thread_blocked, id=20132, stack(0x000000ef2c900000,0x000000ef2ca00000)]
  0x000002b84de9f800 JavaThread "jar transforms Thread 91" [_thread_blocked, id=12484, stack(0x000000ef2ca00000,0x000000ef2cb00000)]
  0x000002b84dea1800 JavaThread "jar transforms Thread 92" [_thread_blocked, id=7500, stack(0x000000ef2cb00000,0x000000ef2cc00000)]
  0x000002b84de9e000 JavaThread "jar transforms Thread 93" [_thread_blocked, id=8000, stack(0x000000ef2cc00000,0x000000ef2cd00000)]
  0x000002b84de9f000 JavaThread "jar transforms Thread 94" [_thread_blocked, id=6504, stack(0x000000ef2cd00000,0x000000ef2ce00000)]
  0x000002b84de9d800 JavaThread "jar transforms Thread 95" [_thread_blocked, id=148, stack(0x000000ef2ce00000,0x000000ef2cf00000)]
  0x000002b84de9b800 JavaThread "jar transforms Thread 96" [_thread_blocked, id=9004, stack(0x000000ef2cf00000,0x000000ef2d000000)]
  0x000002b84dea0800 JavaThread "jar transforms Thread 97" [_thread_blocked, id=13652, stack(0x000000ef2d000000,0x000000ef2d100000)]
  0x000002b84dea2000 JavaThread "jar transforms Thread 98" [_thread_blocked, id=16576, stack(0x000000ef2d100000,0x000000ef2d200000)]
  0x000002b84de9c800 JavaThread "jar transforms Thread 99" [_thread_blocked, id=15068, stack(0x000000ef2d200000,0x000000ef2d300000)]
  0x000002b84dea3000 JavaThread "jar transforms Thread 100" [_thread_blocked, id=7804, stack(0x000000ef2d300000,0x000000ef2d400000)]
  0x000002b84dea4000 JavaThread "jar transforms Thread 101" [_thread_blocked, id=2216, stack(0x000000ef2d400000,0x000000ef2d500000)]
  0x000002b84c144800 JavaThread "jar transforms Thread 102" [_thread_blocked, id=9208, stack(0x000000ef2d500000,0x000000ef2d600000)]
  0x000002b84c146000 JavaThread "jar transforms Thread 103" [_thread_blocked, id=9628, stack(0x000000ef2d600000,0x000000ef2d700000)]
  0x000002b84c145000 JavaThread "jar transforms Thread 104" [_thread_blocked, id=14404, stack(0x000000ef2d700000,0x000000ef2d800000)]
  0x000002b84c142000 JavaThread "jar transforms Thread 105" [_thread_blocked, id=14984, stack(0x000000ef2d800000,0x000000ef2d900000)]
  0x000002b84c141000 JavaThread "jar transforms Thread 106" [_thread_blocked, id=9264, stack(0x000000ef2d900000,0x000000ef2da00000)]
  0x000002b84c148800 JavaThread "jar transforms Thread 107" [_thread_blocked, id=12328, stack(0x000000ef2da00000,0x000000ef2db00000)]
  0x000002b84c146800 JavaThread "jar transforms Thread 108" [_thread_blocked, id=14964, stack(0x000000ef2db00000,0x000000ef2dc00000)]
  0x000002b84c142800 JavaThread "jar transforms Thread 109" [_thread_blocked, id=268, stack(0x000000ef2dc00000,0x000000ef2dd00000)]
  0x000002b84c147800 JavaThread "jar transforms Thread 110" [_thread_blocked, id=11752, stack(0x000000ef2dd00000,0x000000ef2de00000)]
  0x000002b84c149000 JavaThread "jar transforms Thread 111" [_thread_blocked, id=16604, stack(0x000000ef2de00000,0x000000ef2df00000)]
  0x000002b84c143800 JavaThread "jar transforms Thread 112" [_thread_blocked, id=7440, stack(0x000000ef2df00000,0x000000ef2e000000)]
  0x000002b84c14b000 JavaThread "jar transforms Thread 113" [_thread_blocked, id=1960, stack(0x000000ef2e000000,0x000000ef2e100000)]
  0x000002b84c14d800 JavaThread "jar transforms Thread 114" [_thread_blocked, id=19512, stack(0x000000ef2e100000,0x000000ef2e200000)]
  0x000002b84c14f000 JavaThread "jar transforms Thread 115" [_thread_blocked, id=12412, stack(0x000000ef2e200000,0x000000ef2e300000)]
  0x000002b84c14b800 JavaThread "jar transforms Thread 116" [_thread_blocked, id=5364, stack(0x000000ef2e300000,0x000000ef2e400000)]
  0x000002b84c14e000 JavaThread "jar transforms Thread 117" [_thread_blocked, id=4276, stack(0x000000ef2e400000,0x000000ef2e500000)]
  0x000002b84c14f800 JavaThread "jar transforms Thread 118" [_thread_blocked, id=21256, stack(0x000000ef2e500000,0x000000ef2e600000)]
  0x000002b84c14c800 JavaThread "jar transforms Thread 119" [_thread_blocked, id=11736, stack(0x000000ef2e600000,0x000000ef2e700000)]
  0x000002b84c14a000 JavaThread "jar transforms Thread 120" [_thread_blocked, id=14548, stack(0x000000ef2e700000,0x000000ef2e800000)]
  0x000002b84d3ae000 JavaThread "jar transforms Thread 121" [_thread_blocked, id=9808, stack(0x000000ef2e800000,0x000000ef2e900000)]
  0x000002b84d3ae800 JavaThread "Memory manager" [_thread_blocked, id=932, stack(0x000000ef2e900000,0x000000ef2ea00000)]
  0x000002b84d3af800 JavaThread "build event listener" [_thread_blocked, id=1020, stack(0x000000ef26500000,0x000000ef26600000)]
  0x000002b84d3ad000 JavaThread "build event listener" [_thread_blocked, id=13680, stack(0x000000ef2ea00000,0x000000ef2eb00000)]
  0x000002b84d3b0800 JavaThread "Execution worker for ':'" [_thread_blocked, id=16676, stack(0x000000ef2eb00000,0x000000ef2ec00000)]
  0x000002b84d3b2000 JavaThread "Execution worker for ':' Thread 2" [_thread_blocked, id=20488, stack(0x000000ef2ec00000,0x000000ef2ed00000)]
  0x000002b84d3ac800 JavaThread "Execution worker for ':' Thread 3" [_thread_blocked, id=19668, stack(0x000000ef2ed00000,0x000000ef2ee00000)]
  0x000002b84f83d000 JavaThread "Execution worker for ':' Thread 4" [_thread_blocked, id=1364, stack(0x000000ef2ee00000,0x000000ef2ef00000)]
  0x000002b84f83f800 JavaThread "Execution worker for ':' Thread 5" [_thread_blocked, id=3616, stack(0x000000ef2ef00000,0x000000ef2f000000)]
  0x000002b84f83d800 JavaThread "Execution worker for ':' Thread 6" [_thread_blocked, id=6816, stack(0x000000ef2f000000,0x000000ef2f100000)]
  0x000002b84f83e800 JavaThread "Execution worker for ':' Thread 7" [_thread_blocked, id=15160, stack(0x000000ef2f100000,0x000000ef2f200000)]
  0x000002b84f840000 JavaThread "Cache worker for execution history cache (C:\Users\gulsa\Desktop\androidProjects\hathor\.gradle\6.7.1\executionHistory)" [_thread_blocked, id=3036, stack(0x000000ef2f200000,0x000000ef2f300000)]
  0x000002b84f83b800 JavaThread "WorkerExecutor Queue" [_thread_blocked, id=16932, stack(0x000000ef2f300000,0x000000ef2f400000)]
  0x000002b84f842000 JavaThread "WorkerExecutor Queue Thread 2" [_thread_blocked, id=10224, stack(0x000000ef2f400000,0x000000ef2f500000)]
  0x000002b84f83c000 JavaThread "WorkerExecutor Queue Thread 3" [_thread_blocked, id=5936, stack(0x000000ef2f500000,0x000000ef2f600000)]
  0x000002b84f847800 JavaThread "WorkerExecutor Queue Thread 4" [_thread_blocked, id=17804, stack(0x000000ef2f600000,0x000000ef2f700000)]

Other Threads:
=>0x000002b849898000 VMThread "VM Thread" [stack: 0x000000ef23c00000,0x000000ef23d00000] [id=7640]
  0x000002b84a386800 WatcherThread [stack: 0x000000ef24600000,0x000000ef24700000] [id=13856]
  0x000002b82d5eb000 GCTaskThread "GC Thread#0" [stack: 0x000000ef23700000,0x000000ef23800000] [id=19612]
  0x000002b84af8c000 GCTaskThread "GC Thread#1" [stack: 0x000000ef24800000,0x000000ef24900000] [id=1668]
  0x000002b84cee5000 GCTaskThread "GC Thread#2" [stack: 0x000000ef25000000,0x000000ef25100000] [id=17432]
  0x000002b84c67b800 GCTaskThread "GC Thread#3" [stack: 0x000000ef25100000,0x000000ef25200000] [id=14900]
  0x000002b84b9f2800 GCTaskThread "GC Thread#4" [stack: 0x000000ef25200000,0x000000ef25300000] [id=20860]
  0x000002b84b3d2800 GCTaskThread "GC Thread#5" [stack: 0x000000ef25300000,0x000000ef25400000] [id=16992]
  0x000002b84cdff800 GCTaskThread "GC Thread#6" [stack: 0x000000ef25400000,0x000000ef25500000] [id=17540]
  0x000002b84ce03800 GCTaskThread "GC Thread#7" [stack: 0x000000ef25500000,0x000000ef25600000] [id=8224]
  0x000002b82f5f7000 ConcurrentGCThread "G1 Main Marker" [stack: 0x000000ef23800000,0x000000ef23900000] [id=15300]
  0x000002b82f5fb000 ConcurrentGCThread "G1 Conc#0" [stack: 0x000000ef23900000,0x000000ef23a00000] [id=12476]
  0x000002b84ce02800 ConcurrentGCThread "G1 Conc#1" [stack: 0x000000ef25900000,0x000000ef25a00000] [id=13508]
  0x000002b82f67e000 ConcurrentGCThread "G1 Refine#0" [stack: 0x000000ef23a00000,0x000000ef23b00000] [id=13776]
  0x000002b84b0c2800 ConcurrentGCThread "G1 Refine#1" [stack: 0x000000ef25600000,0x000000ef25700000] [id=5856]
  0x000002b84ae28800 ConcurrentGCThread "G1 Refine#2" [stack: 0x000000ef24700000,0x000000ef24800000] [id=8272]
  0x000002b82f67f000 ConcurrentGCThread "G1 Young RemSet Sampling" [stack: 0x000000ef23b00000,0x000000ef23c00000] [id=20616]

Threads with active compile tasks:
C2 CompilerThread0  42135 10810       4       com.sun.org.apache.xerces.internal.util.SymbolTable::addSymbol (110 bytes)
C1 CompilerThread0  42135 10891       2       org.gradle.internal.execution.UnitOfWork::markLegacySnapshottingInputsFinished (1 bytes)

VM state:at safepoint (normal execution)

VM Mutex/Monitor currently owned by a thread:  ([mutex/lock_event])
[0x000002b82f5b0540] Threads_lock - owner thread: 0x000002b849898000
[0x000002b82f5af460] Heap_lock - owner thread: 0x000002b84afc7800

Heap address: 0x0000000080000000, size: 2048 MB, Compressed Oops mode: 32-bit
Narrow klass base: 0x0000000000000000, Narrow klass shift: 3
Compressed class space size: 1073741824 Address: 0x0000000100000000

Heap:
 garbage-first heap   total 172032K, used 94415K [0x0000000080000000, 0x0000000100000000)
  region size 1024K, 3 young (3072K), 3 survivors (3072K)
 Metaspace       used 89099K, capacity 90974K, committed 91260K, reserved 1128448K
  class space    used 11250K, capacity 11905K, committed 12032K, reserved 1048576K
Heap Regions: E=young(eden), S=young(survivor), O=old, HS=humongous(starts), HC=humongous(continues), CS=collection set, F=free, A=archive, TAMS=top-at-mark-start (previous, next)
|   0|0x0000000080000000, 0x0000000080100000, 0x0000000080100000|100%| O|  |TAMS 0x0000000080100000, 0x0000000080000000| Untracked 
|   1|0x0000000080100000, 0x0000000080200000, 0x0000000080200000|100%| O|  |TAMS 0x0000000080200000, 0x0000000080100000| Untracked 
|   2|0x0000000080200000, 0x0000000080300000, 0x0000000080300000|100%| O|  |TAMS 0x0000000080300000, 0x0000000080200000| Untracked 
|   3|0x0000000080300000, 0x0000000080400000, 0x0000000080400000|100%|HS|  |TAMS 0x0000000080400000, 0x0000000080300000| Complete 
|   4|0x0000000080400000, 0x0000000080500000, 0x0000000080500000|100%|HC|  |TAMS 0x0000000080500000, 0x0000000080400000| Complete 
|   5|0x0000000080500000, 0x0000000080600000, 0x0000000080600000|100%|HC|  |TAMS 0x0000000080600000, 0x0000000080500000| Complete 
|   6|0x0000000080600000, 0x0000000080700000, 0x0000000080700000|100%| O|  |TAMS 0x0000000080700000, 0x0000000080600000| Untracked 
|   7|0x0000000080700000, 0x0000000080800000, 0x0000000080800000|100%| O|  |TAMS 0x0000000080800000, 0x0000000080700000| Untracked 
|   8|0x0000000080800000, 0x0000000080900000, 0x0000000080900000|100%| O|  |TAMS 0x0000000080900000, 0x0000000080800000| Untracked 
|   9|0x0000000080900000, 0x0000000080a00000, 0x0000000080a00000|100%| O|  |TAMS 0x0000000080a00000, 0x0000000080900000| Untracked 
|  10|0x0000000080a00000, 0x0000000080b00000, 0x0000000080b00000|100%| O|  |TAMS 0x0000000080b00000, 0x0000000080a00000| Untracked 
|  11|0x0000000080b00000, 0x0000000080c00000, 0x0000000080c00000|100%| O|  |TAMS 0x0000000080c00000, 0x0000000080b00000| Untracked 
|  12|0x0000000080c00000, 0x0000000080d00000, 0x0000000080d00000|100%| O|  |TAMS 0x0000000080d00000, 0x0000000080c00000| Complete 
|  13|0x0000000080d00000, 0x0000000080e00000, 0x0000000080e00000|100%| O|  |TAMS 0x0000000080e00000, 0x0000000080d00000| Untracked 
|  14|0x0000000080e00000, 0x0000000080f00000, 0x0000000080f00000|100%| O|  |TAMS 0x0000000080f00000, 0x0000000080e00000| Untracked 
|  15|0x0000000080f00000, 0x0000000081000000, 0x0000000081000000|100%| O|  |TAMS 0x0000000081000000, 0x0000000080f00000| Untracked 
|  16|0x0000000081000000, 0x0000000081100000, 0x0000000081100000|100%| O|  |TAMS 0x0000000081100000, 0x0000000081000000| Complete 
|  17|0x0000000081100000, 0x0000000081200000, 0x0000000081200000|100%| O|  |TAMS 0x0000000081200000, 0x0000000081100000| Untracked 
|  18|0x0000000081200000, 0x0000000081300000, 0x0000000081300000|100%| O|  |TAMS 0x0000000081300000, 0x0000000081200000| Untracked 
|  19|0x0000000081300000, 0x0000000081400000, 0x0000000081400000|100%| O|  |TAMS 0x0000000081400000, 0x0000000081300000| Untracked 
|  20|0x0000000081400000, 0x0000000081500000, 0x0000000081500000|100%| O|  |TAMS 0x0000000081500000, 0x0000000081400000| Untracked 
|  21|0x0000000081500000, 0x0000000081600000, 0x0000000081600000|100%| O|  |TAMS 0x0000000081600000, 0x0000000081500000| Untracked 
|  22|0x0000000081600000, 0x0000000081700000, 0x0000000081700000|100%| O|  |TAMS 0x0000000081700000, 0x0000000081600000| Untracked 
|  23|0x0000000081700000, 0x0000000081800000, 0x0000000081800000|100%| O|  |TAMS 0x0000000081800000, 0x0000000081700000| Complete 
|  24|0x0000000081800000, 0x0000000081900000, 0x0000000081900000|100%| O|  |TAMS 0x0000000081900000, 0x0000000081800000| Complete 
|  25|0x0000000081900000, 0x0000000081a00000, 0x0000000081a00000|100%|HS|  |TAMS 0x0000000081a00000, 0x0000000081900000| Complete 
|  26|0x0000000081a00000, 0x0000000081b00000, 0x0000000081b00000|100%|HS|  |TAMS 0x0000000081b00000, 0x0000000081a00000| Complete 
|  27|0x0000000081b00000, 0x0000000081c00000, 0x0000000081c00000|100%|HC|  |TAMS 0x0000000081c00000, 0x0000000081b00000| Complete 
|  28|0x0000000081c00000, 0x0000000081d00000, 0x0000000081d00000|100%|HC|  |TAMS 0x0000000081d00000, 0x0000000081c00000| Complete 
|  29|0x0000000081d00000, 0x0000000081e00000, 0x0000000081e00000|100%|HS|  |TAMS 0x0000000081e00000, 0x0000000081d00000| Complete 
|  30|0x0000000081e00000, 0x0000000081f00000, 0x0000000081f00000|100%|HC|  |TAMS 0x0000000081f00000, 0x0000000081e00000| Complete 
|  31|0x0000000081f00000, 0x0000000082000000, 0x0000000082000000|100%| O|  |TAMS 0x0000000082000000, 0x0000000081f00000| Complete 
|  32|0x0000000082000000, 0x0000000082100000, 0x0000000082100000|100%| O|  |TAMS 0x0000000082100000, 0x0000000082000000| Complete 
|  33|0x0000000082100000, 0x0000000082200000, 0x0000000082200000|100%| O|  |TAMS 0x0000000082200000, 0x0000000082100000| Untracked 
|  34|0x0000000082200000, 0x0000000082300000, 0x0000000082300000|100%| O|  |TAMS 0x0000000082300000, 0x0000000082200000| Complete 
|  35|0x0000000082300000, 0x0000000082400000, 0x0000000082400000|100%| O|  |TAMS 0x0000000082400000, 0x0000000082300000| Complete 
|  36|0x0000000082400000, 0x0000000082500000, 0x0000000082500000|100%| O|  |TAMS 0x0000000082500000, 0x0000000082400000| Complete 
|  37|0x0000000082500000, 0x0000000082600000, 0x0000000082600000|100%| O|  |TAMS 0x0000000082600000, 0x0000000082500000| Untracked 
|  38|0x0000000082600000, 0x0000000082700000, 0x0000000082700000|100%| O|  |TAMS 0x0000000082700000, 0x0000000082600000| Complete 
|  39|0x0000000082700000, 0x0000000082800000, 0x0000000082800000|100%| O|  |TAMS 0x0000000082800000, 0x0000000082700000| Complete 
|  40|0x0000000082800000, 0x0000000082900000, 0x0000000082900000|100%| O|  |TAMS 0x0000000082900000, 0x0000000082800000| Untracked 
|  41|0x0000000082900000, 0x0000000082a00000, 0x0000000082a00000|100%| O|  |TAMS 0x0000000082a00000, 0x0000000082900000| Complete 
|  42|0x0000000082a00000, 0x0000000082b00000, 0x0000000082b00000|100%| O|  |TAMS 0x0000000082b00000, 0x0000000082a00000| Untracked 
|  43|0x0000000082b00000, 0x0000000082c00000, 0x0000000082c00000|100%| O|  |TAMS 0x0000000082c00000, 0x0000000082b00000| Untracked 
|  44|0x0000000082c00000, 0x0000000082d00000, 0x0000000082d00000|100%| O|  |TAMS 0x0000000082d00000, 0x0000000082c00000| Complete 
|  45|0x0000000082d00000, 0x0000000082e00000, 0x0000000082e00000|100%| O|  |TAMS 0x0000000082e00000, 0x0000000082d00000| Untracked 
|  46|0x0000000082e00000, 0x0000000082f00000, 0x0000000082f00000|100%| O|  |TAMS 0x0000000082f00000, 0x0000000082e00000| Complete 
|  47|0x0000000082f00000, 0x0000000083000000, 0x0000000083000000|100%| O|  |TAMS 0x0000000083000000, 0x0000000082f00000| Untracked 
|  48|0x0000000083000000, 0x0000000083100000, 0x0000000083100000|100%| O|  |TAMS 0x0000000083100000, 0x0000000083000000| Untracked 
|  49|0x0000000083100000, 0x0000000083200000, 0x0000000083200000|100%| O|  |TAMS 0x0000000083200000, 0x0000000083100000| Untracked 
|  50|0x0000000083200000, 0x0000000083300000, 0x0000000083300000|100%| O|  |TAMS 0x0000000083300000, 0x0000000083200000| Untracked 
|  51|0x0000000083300000, 0x0000000083400000, 0x0000000083400000|100%| O|  |TAMS 0x0000000083400000, 0x0000000083300000| Untracked 
|  52|0x0000000083400000, 0x0000000083500000, 0x0000000083500000|100%| O|  |TAMS 0x0000000083500000, 0x0000000083400000| Untracked 
|  53|0x0000000083500000, 0x0000000083600000, 0x0000000083600000|100%| O|  |TAMS 0x0000000083600000, 0x0000000083500000| Untracked 
|  54|0x0000000083600000, 0x0000000083700000, 0x0000000083700000|100%| O|  |TAMS 0x0000000083700000, 0x0000000083600000| Untracked 
|  55|0x0000000083700000, 0x0000000083800000, 0x0000000083800000|100%| O|  |TAMS 0x0000000083800000, 0x0000000083700000| Untracked 
|  56|0x0000000083800000, 0x0000000083900000, 0x0000000083900000|100%| O|  |TAMS 0x0000000083900000, 0x0000000083800000| Untracked 
|  57|0x0000000083900000, 0x0000000083a00000, 0x0000000083a00000|100%| O|  |TAMS 0x0000000083a00000, 0x0000000083900000| Untracked 
|  58|0x0000000083a00000, 0x0000000083b00000, 0x0000000083b00000|100%| O|  |TAMS 0x0000000083b00000, 0x0000000083a00000| Untracked 
|  59|0x0000000083b00000, 0x0000000083c00000, 0x0000000083c00000|100%| O|  |TAMS 0x0000000083c00000, 0x0000000083b00000| Untracked 
|  60|0x0000000083c00000, 0x0000000083d00000, 0x0000000083d00000|100%| O|  |TAMS 0x0000000083d00000, 0x0000000083c00000| Untracked 
|  61|0x0000000083d00000, 0x0000000083e00000, 0x0000000083e00000|100%| O|  |TAMS 0x0000000083e00000, 0x0000000083d00000| Untracked 
|  62|0x0000000083e00000, 0x0000000083f00000, 0x0000000083f00000|100%| O|  |TAMS 0x0000000083f00000, 0x0000000083e00000| Untracked 
|  63|0x0000000083f00000, 0x0000000084000000, 0x0000000084000000|100%| O|  |TAMS 0x0000000084000000, 0x0000000083f00000| Complete 
|  64|0x0000000084000000, 0x0000000084100000, 0x0000000084100000|100%| O|  |TAMS 0x0000000084100000, 0x0000000084000000| Complete 
|  65|0x0000000084100000, 0x0000000084200000, 0x0000000084200000|100%| O|  |TAMS 0x0000000084200000, 0x0000000084100000| Untracked 
|  66|0x0000000084200000, 0x0000000084300000, 0x0000000084300000|100%| O|  |TAMS 0x0000000084300000, 0x0000000084200000| Untracked 
|  67|0x0000000084300000, 0x0000000084400000, 0x0000000084400000|100%| O|  |TAMS 0x0000000084400000, 0x0000000084300000| Complete 
|  68|0x0000000084400000, 0x0000000084500000, 0x0000000084500000|100%| O|  |TAMS 0x0000000084500000, 0x0000000084400000| Complete 
|  69|0x0000000084500000, 0x0000000084600000, 0x0000000084600000|100%| O|  |TAMS 0x0000000084600000, 0x0000000084500000| Complete 
|  70|0x0000000084600000, 0x0000000084700000, 0x0000000084700000|100%| O|  |TAMS 0x0000000084700000, 0x0000000084600000| Complete 
|  71|0x0000000084700000, 0x0000000084800000, 0x0000000084800000|100%| O|  |TAMS 0x0000000084800000, 0x0000000084700000| Complete 
|  72|0x0000000084800000, 0x0000000084900000, 0x0000000084900000|100%| O|  |TAMS 0x0000000084900000, 0x0000000084800000| Untracked 
|  73|0x0000000084900000, 0x0000000084a00000, 0x0000000084a00000|100%| O|  |TAMS 0x0000000084a00000, 0x0000000084900000| Untracked 
|  74|0x0000000084a00000, 0x0000000084b00000, 0x0000000084b00000|100%| O|  |TAMS 0x0000000084b00000, 0x0000000084a00000| Complete 
|  75|0x0000000084b00000, 0x0000000084c00000, 0x0000000084c00000|100%| O|  |TAMS 0x0000000084c00000, 0x0000000084b00000| Complete 
|  76|0x0000000084c00000, 0x0000000084d00000, 0x0000000084d00000|100%| O|  |TAMS 0x0000000084d00000, 0x0000000084c00000| Complete 
|  77|0x0000000084d00000, 0x0000000084e00000, 0x0000000084e00000|100%| O|  |TAMS 0x0000000084d00000, 0x0000000084d00000| Untracked 
|  78|0x0000000084e00000, 0x0000000084ebee00, 0x0000000084f00000| 74%| O|  |TAMS 0x0000000084e00000, 0x0000000084e00000| Untracked 
|  79|0x0000000084f00000, 0x0000000084f00000, 0x0000000085000000|  0%| F|  |TAMS 0x0000000084f00000, 0x0000000084f00000| Untracked 
|  80|0x0000000085000000, 0x0000000085000000, 0x0000000085100000|  0%| F|  |TAMS 0x0000000085000000, 0x0000000085000000| Untracked 
|  81|0x0000000085100000, 0x0000000085100000, 0x0000000085200000|  0%| F|  |TAMS 0x0000000085100000, 0x0000000085100000| Untracked 
|  82|0x0000000085200000, 0x0000000085200000, 0x0000000085300000|  0%| F|  |TAMS 0x0000000085200000, 0x0000000085200000| Untracked 
|  83|0x0000000085300000, 0x0000000085300000, 0x0000000085400000|  0%| F|  |TAMS 0x0000000085300000, 0x0000000085300000| Untracked 
|  84|0x0000000085400000, 0x0000000085400000, 0x0000000085500000|  0%| F|  |TAMS 0x0000000085400000, 0x0000000085400000| Untracked 
|  85|0x0000000085500000, 0x0000000085600000, 0x0000000085600000|100%| O|  |TAMS 0x0000000085600000, 0x0000000085500000| Complete 
|  86|0x0000000085600000, 0x0000000085700000, 0x0000000085700000|100%| O|  |TAMS 0x0000000085700000, 0x0000000085600000| Complete 
|  87|0x0000000085700000, 0x0000000085800000, 0x0000000085800000|100%| O|  |TAMS 0x0000000085800000, 0x0000000085700000| Complete 
|  88|0x0000000085800000, 0x0000000085900000, 0x0000000085900000|100%| O|  |TAMS 0x0000000085900000, 0x0000000085800000| Complete 
|  89|0x0000000085900000, 0x0000000085a00000, 0x0000000085a00000|100%| O|  |TAMS 0x0000000085a00000, 0x0000000085900000| Complete 
|  90|0x0000000085a00000, 0x0000000085b00000, 0x0000000085b00000|100%| O|  |TAMS 0x0000000085b00000, 0x0000000085a00000| Complete 
|  91|0x0000000085b00000, 0x0000000085c00000, 0x0000000085c00000|100%| O|  |TAMS 0x0000000085c00000, 0x0000000085b00000| Complete 
|  92|0x0000000085c00000, 0x0000000085c00000, 0x0000000085d00000|  0%| F|  |TAMS 0x0000000085c00000, 0x0000000085c00000| Untracked 
|  93|0x0000000085d00000, 0x0000000085d00000, 0x0000000085e00000|  0%| F|  |TAMS 0x0000000085d00000, 0x0000000085d00000| Untracked 
|  94|0x0000000085e00000, 0x0000000085f00000, 0x0000000085f00000|100%| O|  |TAMS 0x0000000085f00000, 0x0000000085e00000| Complete 
|  95|0x0000000085f00000, 0x0000000086000000, 0x0000000086000000|100%| O|  |TAMS 0x0000000086000000, 0x0000000085f00000| Untracked 
|  96|0x0000000086000000, 0x0000000086100000, 0x0000000086100000|100%| O|  |TAMS 0x00000000860af800, 0x0000000086000000| Untracked 
|  97|0x0000000086100000, 0x0000000086100000, 0x0000000086200000|  0%| F|  |TAMS 0x0000000086100000, 0x0000000086100000| Untracked 
|  98|0x0000000086200000, 0x0000000086200000, 0x0000000086300000|  0%| F|  |TAMS 0x0000000086200000, 0x0000000086200000| Untracked 
|  99|0x0000000086300000, 0x0000000086300000, 0x0000000086400000|  0%| F|  |TAMS 0x0000000086300000, 0x0000000086300000| Untracked 
| 100|0x0000000086400000, 0x0000000086400000, 0x0000000086500000|  0%| F|  |TAMS 0x0000000086400000, 0x0000000086400000| Untracked 
| 101|0x0000000086500000, 0x0000000086500000, 0x0000000086600000|  0%| F|  |TAMS 0x0000000086500000, 0x0000000086500000| Untracked 
| 102|0x0000000086600000, 0x0000000086600000, 0x0000000086700000|  0%| F|  |TAMS 0x0000000086600000, 0x0000000086600000| Untracked 
| 103|0x0000000086700000, 0x0000000086700000, 0x0000000086800000|  0%| F|  |TAMS 0x0000000086700000, 0x0000000086700000| Untracked 
| 104|0x0000000086800000, 0x0000000086800000, 0x0000000086900000|  0%| F|  |TAMS 0x0000000086800000, 0x0000000086800000| Untracked 
| 105|0x0000000086900000, 0x0000000086900000, 0x0000000086a00000|  0%| F|  |TAMS 0x0000000086900000, 0x0000000086900000| Untracked 
| 106|0x0000000086a00000, 0x0000000086a00000, 0x0000000086b00000|  0%| F|  |TAMS 0x0000000086a00000, 0x0000000086a00000| Untracked 
| 107|0x0000000086b00000, 0x0000000086b00000, 0x0000000086c00000|  0%| F|  |TAMS 0x0000000086b00000, 0x0000000086b00000| Untracked 
| 108|0x0000000086c00000, 0x0000000086c00000, 0x0000000086d00000|  0%| F|  |TAMS 0x0000000086c00000, 0x0000000086c00000| Untracked 
| 109|0x0000000086d00000, 0x0000000086d00000, 0x0000000086e00000|  0%| F|  |TAMS 0x0000000086d00000, 0x0000000086d00000| Untracked 
| 110|0x0000000086e00000, 0x0000000086f00000, 0x0000000086f00000|100%| O|  |TAMS 0x0000000086f00000, 0x0000000086e00000| Complete 
| 111|0x0000000086f00000, 0x0000000086f00000, 0x0000000087000000|  0%| F|  |TAMS 0x0000000086f00000, 0x0000000086f00000| Untracked 
| 112|0x0000000087000000, 0x0000000087000000, 0x0000000087100000|  0%| F|  |TAMS 0x0000000087000000, 0x0000000087000000| Untracked 
| 113|0x0000000087100000, 0x0000000087100000, 0x0000000087200000|  0%| F|  |TAMS 0x0000000087100000, 0x0000000087100000| Untracked 
| 114|0x0000000087200000, 0x0000000087200000, 0x0000000087300000|  0%| F|  |TAMS 0x0000000087200000, 0x0000000087200000| Untracked 
| 115|0x0000000087300000, 0x0000000087300000, 0x0000000087400000|  0%| F|  |TAMS 0x0000000087300000, 0x0000000087300000| Untracked 
| 116|0x0000000087400000, 0x0000000087400000, 0x0000000087500000|  0%| F|  |TAMS 0x0000000087400000, 0x0000000087400000| Untracked 
| 117|0x0000000087500000, 0x0000000087500000, 0x0000000087600000|  0%| F|  |TAMS 0x0000000087500000, 0x0000000087500000| Untracked 
| 118|0x0000000087600000, 0x0000000087600000, 0x0000000087700000|  0%| F|  |TAMS 0x0000000087600000, 0x0000000087600000| Untracked 
| 119|0x0000000087700000, 0x0000000087774e58, 0x0000000087800000| 45%| S|CS|TAMS 0x0000000087700000, 0x0000000087700000| Complete 
| 120|0x0000000087800000, 0x0000000087800000, 0x0000000087900000|  0%| F|  |TAMS 0x0000000087800000, 0x0000000087800000| Untracked 
| 121|0x0000000087900000, 0x0000000087900000, 0x0000000087a00000|  0%| F|  |TAMS 0x0000000087900000, 0x0000000087900000| Untracked 
| 122|0x0000000087a00000, 0x0000000087a00000, 0x0000000087b00000|  0%| F|  |TAMS 0x0000000087a00000, 0x0000000087a00000| Untracked 
| 123|0x0000000087b00000, 0x0000000087c00000, 0x0000000087c00000|100%| S|CS|TAMS 0x0000000087b00000, 0x0000000087b00000| Complete 
| 124|0x0000000087c00000, 0x0000000087d00000, 0x0000000087d00000|100%| S|CS|TAMS 0x0000000087c00000, 0x0000000087c00000| Complete 
| 125|0x0000000087d00000, 0x0000000087d00000, 0x0000000087e00000|  0%| F|  |TAMS 0x0000000087d00000, 0x0000000087d00000| Untracked 
| 126|0x0000000087e00000, 0x0000000087e00000, 0x0000000087f00000|  0%| F|  |TAMS 0x0000000087e00000, 0x0000000087e00000| Untracked 
| 127|0x0000000087f00000, 0x0000000087f00000, 0x0000000088000000|  0%| F|  |TAMS 0x0000000087f00000, 0x0000000087f00000| Untracked 
| 128|0x0000000088000000, 0x0000000088000000, 0x0000000088100000|  0%| F|  |TAMS 0x0000000088000000, 0x0000000088000000| Untracked 
| 129|0x0000000088100000, 0x0000000088100000, 0x0000000088200000|  0%| F|  |TAMS 0x0000000088100000, 0x0000000088100000| Untracked 
| 130|0x0000000088200000, 0x0000000088200000, 0x0000000088300000|  0%| F|  |TAMS 0x0000000088200000, 0x0000000088200000| Untracked 
| 131|0x0000000088300000, 0x0000000088300000, 0x0000000088400000|  0%| F|  |TAMS 0x0000000088300000, 0x0000000088300000| Untracked 
| 132|0x0000000088400000, 0x0000000088400000, 0x0000000088500000|  0%| F|  |TAMS 0x0000000088400000, 0x0000000088400000| Untracked 
| 133|0x0000000088500000, 0x0000000088500000, 0x0000000088600000|  0%| F|  |TAMS 0x0000000088500000, 0x0000000088500000| Untracked 
| 134|0x0000000088600000, 0x0000000088600000, 0x0000000088700000|  0%| F|  |TAMS 0x0000000088600000, 0x0000000088600000| Untracked 
| 135|0x0000000088700000, 0x0000000088700000, 0x0000000088800000|  0%| F|  |TAMS 0x0000000088700000, 0x0000000088700000| Untracked 
| 136|0x0000000088800000, 0x0000000088800000, 0x0000000088900000|  0%| F|  |TAMS 0x0000000088800000, 0x0000000088800000| Untracked 
| 137|0x0000000088900000, 0x0000000088900000, 0x0000000088a00000|  0%| F|  |TAMS 0x0000000088900000, 0x0000000088900000| Untracked 
| 138|0x0000000088a00000, 0x0000000088a00000, 0x0000000088b00000|  0%| F|  |TAMS 0x0000000088a00000, 0x0000000088a00000| Untracked 
| 139|0x0000000088b00000, 0x0000000088b00000, 0x0000000088c00000|  0%| F|  |TAMS 0x0000000088b00000, 0x0000000088b00000| Untracked 

Card table byte_map: [0x000002b842660000,0x000002b842a60000] _byte_map_base: 0x000002b842260000

Marking Bits (Prev, Next): (CMBitMap*) 0x000002b82f5ee1f8, (CMBitMap*) 0x000002b82f5ee230
 Prev Bits: [0x000002b842e60000, 0x000002b844e60000)
 Next Bits: [0x000002b844e60000, 0x000002b846e60000)

Polling page: 0x000002b82d4b0000

Metaspace:

Usage:
  Non-class:     77.22 MB capacity,    76.02 MB ( 98%) used,  1008.95 KB (  1%) free+waste,   211.00 KB ( <1%) overhead. 
      Class:     11.63 MB capacity,    10.99 MB ( 95%) used,   560.76 KB (  5%) free+waste,    93.38 KB ( <1%) overhead. 
       Both:     88.84 MB capacity,    87.01 MB ( 98%) used,     1.53 MB (  2%) free+waste,   304.38 KB ( <1%) overhead. 

Virtual space:
  Non-class space:       78.00 MB reserved,      77.37 MB (>99%) committed 
      Class space:        1.00 GB reserved,      11.75 MB (  1%) committed 
             Both:        1.08 GB reserved,      89.12 MB (  8%) committed 

Chunk freelists:
   Non-Class:  31.00 KB
       Class:  0 bytes
        Both:  31.00 KB

MaxMetaspaceSize: 17179869184.00 GB
CompressedClassSpaceSize: 1.00 GB

CodeHeap 'non-profiled nmethods': size=120000Kb used=5809Kb max_used=5809Kb free=114190Kb
 bounds [0x000002b83aa00000, 0x000002b83afb0000, 0x000002b841f30000]
CodeHeap 'profiled nmethods': size=120000Kb used=23011Kb max_used=23011Kb free=96988Kb
 bounds [0x000002b8334d0000, 0x000002b834b50000, 0x000002b83aa00000]
CodeHeap 'non-nmethods': size=5760Kb used=2263Kb max_used=2298Kb free=3496Kb
 bounds [0x000002b832f30000, 0x000002b8331a0000, 0x000002b8334d0000]
 total_blobs=11271 nmethods=10414 adapters=768
 compilation: enabled
              stopped_count=0, restarted_count=0
 full_count=0

Compilation events (20 events):
Event: 42.082 Thread 0x000002b8498c1000 nmethod 10881 0x000002b834b47690 code [0x000002b834b478a0, 0x000002b834b47c48]
Event: 42.082 Thread 0x000002b8498c1000 10882       2       org.gradle.api.internal.artifacts.transform.DefaultTransformerInvocationFactory$TransformerExecution::visitImplementations (16 bytes)
Event: 42.082 Thread 0x000002b8498c1000 nmethod 10882 0x000002b834b47e90 code [0x000002b834b48060, 0x000002b834b48318]
Event: 42.082 Thread 0x000002b8498c1000 10883       2       org.gradle.api.internal.artifacts.transform.DefaultTransformerInvocationFactory$TransformerExecution::visitInputFileProperties (39 bytes)
Event: 42.083 Thread 0x000002b8498c1000 nmethod 10883 0x000002b834b48510 code [0x000002b834b486e0, 0x000002b834b489d8]
Event: 42.083 Thread 0x000002b8498c1000 10888   !   2       sun.nio.ch.FileChannelImpl$Closer::run (28 bytes)
Event: 42.084 Thread 0x000002b8498c1000 nmethod 10888 0x000002b834b48b90 code [0x000002b834b48d80, 0x000002b834b49328]
Event: 42.084 Thread 0x000002b8498c1000 10884       2       org.gradle.api.internal.artifacts.transform.DefaultTransformerInvocationFactory$TransformerExecution$$Lambda$703/0x0000000100ab7840::get$Lambda (9 bytes)
Event: 42.084 Thread 0x000002b8498c1000 nmethod 10884 0x000002b834b49590 code [0x000002b834b49740, 0x000002b834b498b8]
Event: 42.084 Thread 0x000002b8498c1000 10885       2       org.gradle.internal.execution.UnitOfWork::getOverlappingOutputHandling (4 bytes)
Event: 42.084 Thread 0x000002b8498c1000 nmethod 10885 0x000002b834b49990 code [0x000002b834b49b40, 0x000002b834b49c38]
Event: 42.084 Thread 0x000002b8498c1000 10886       2       org.gradle.api.internal.artifacts.transform.DefaultTransformerInvocationFactory$TransformerExecution$$Lambda$703/0x0000000100ab7840::get (8 bytes)
Event: 42.085 Thread 0x000002b8498c1000 nmethod 10886 0x000002b834b49d10 code [0x000002b834b49f00, 0x000002b834b4a2d8]
Event: 42.085 Thread 0x000002b8498c1000 10887       2       sun.nio.ch.ChannelInputStream::close (10 bytes)
Event: 42.085 Thread 0x000002b8498c1000 nmethod 10887 0x000002b834b4a510 code [0x000002b834b4a6c0, 0x000002b834b4a7e8]
Event: 42.085 Thread 0x000002b8498c1000 10889       2       java.nio.channels.Channels::newInputStream (16 bytes)
Event: 42.086 Thread 0x000002b8498c1000 nmethod 10889 0x000002b834b4a890 code [0x000002b834b4aa60, 0x000002b834b4aca8]
Event: 42.086 Thread 0x000002b8498c1000 10890       2       org.gradle.internal.Try$Success::mapFailure (2 bytes)
Event: 42.086 Thread 0x000002b8498c1000 nmethod 10890 0x000002b834b4ad90 code [0x000002b834b4af40, 0x000002b834b4b038]
Event: 42.086 Thread 0x000002b8498c1000 10891       2       org.gradle.internal.execution.UnitOfWork::markLegacySnapshottingInputsFinished (1 bytes)

GC Heap History (20 events):
Event: 39.086 GC heap after
{Heap after GC invocations=47 (full 0):
 garbage-first heap   total 118784K, used 90737K [0x0000000080000000, 0x0000000100000000)
  region size 1024K, 1 young (1024K), 1 survivors (1024K)
 Metaspace       used 81943K, capacity 83831K, committed 84092K, reserved 1122304K
  class space    used 10533K, capacity 11231K, committed 11264K, reserved 1048576K
}
Event: 39.302 GC heap before
{Heap before GC invocations=48 (full 0):
 garbage-first heap   total 118784K, used 100977K [0x0000000080000000, 0x0000000100000000)
  region size 1024K, 9 young (9216K), 1 survivors (1024K)
 Metaspace       used 82125K, capacity 84090K, committed 84348K, reserved 1122304K
  class space    used 10545K, capacity 11232K, committed 11264K, reserved 1048576K
}
Event: 39.308 GC heap after
{Heap after GC invocations=49 (full 0):
 garbage-first heap   total 118784K, used 93975K [0x0000000080000000, 0x0000000100000000)
  region size 1024K, 2 young (2048K), 2 survivors (2048K)
 Metaspace       used 82125K, capacity 84090K, committed 84348K, reserved 1122304K
  class space    used 10545K, capacity 11232K, committed 11264K, reserved 1048576K
}
Event: 39.332 GC heap before
{Heap before GC invocations=49 (full 0):
 garbage-first heap   total 118784K, used 97047K [0x0000000080000000, 0x0000000100000000)
  region size 1024K, 5 young (5120K), 2 survivors (2048K)
 Metaspace       used 82128K, capacity 84090K, committed 84348K, reserved 1122304K
  class space    used 10545K, capacity 11232K, committed 11264K, reserved 1048576K
}
Event: 39.337 GC heap after
{Heap after GC invocations=50 (full 0):
 garbage-first heap   total 118784K, used 93147K [0x0000000080000000, 0x0000000100000000)
  region size 1024K, 1 young (1024K), 1 survivors (1024K)
 Metaspace       used 82128K, capacity 84090K, committed 84348K, reserved 1122304K
  class space    used 10545K, capacity 11232K, committed 11264K, reserved 1048576K
}
Event: 39.369 GC heap before
{Heap before GC invocations=50 (full 0):
 garbage-first heap   total 118784K, used 99291K [0x0000000080000000, 0x0000000100000000)
  region size 1024K, 7 young (7168K), 1 survivors (1024K)
 Metaspace       used 82128K, capacity 84090K, committed 84348K, reserved 1122304K
  class space    used 10545K, capacity 11232K, committed 11264K, reserved 1048576K
}
Event: 39.372 GC heap after
{Heap after GC invocations=51 (full 0):
 garbage-first heap   total 118784K, used 93946K [0x0000000080000000, 0x0000000100000000)
  region size 1024K, 1 young (1024K), 1 survivors (1024K)
 Metaspace       used 82128K, capacity 84090K, committed 84348K, reserved 1122304K
  class space    used 10545K, capacity 11232K, committed 11264K, reserved 1048576K
}
Event: 39.504 GC heap before
{Heap before GC invocations=51 (full 0):
 garbage-first heap   total 118784K, used 100090K [0x0000000080000000, 0x0000000100000000)
  region size 1024K, 7 young (7168K), 1 survivors (1024K)
 Metaspace       used 82240K, capacity 84189K, committed 84476K, reserved 1122304K
  class space    used 10563K, capacity 11265K, committed 11392K, reserved 1048576K
}
Event: 39.510 GC heap after
{Heap after GC invocations=52 (full 0):
 garbage-first heap   total 143360K, used 94487K [0x0000000080000000, 0x0000000100000000)
  region size 1024K, 1 young (1024K), 1 survivors (1024K)
 Metaspace       used 82240K, capacity 84189K, committed 84476K, reserved 1122304K
  class space    used 10563K, capacity 11265K, committed 11392K, reserved 1048576K
}
Event: 40.903 GC heap before
{Heap before GC invocations=53 (full 0):
 garbage-first heap   total 143360K, used 110871K [0x0000000080000000, 0x0000000100000000)
  region size 1024K, 17 young (17408K), 1 survivors (1024K)
 Metaspace       used 84922K, capacity 86871K, committed 87036K, reserved 1124352K
  class space    used 10889K, capacity 11561K, committed 11648K, reserved 1048576K
}
Event: 40.907 GC heap after
{Heap after GC invocations=54 (full 0):
 garbage-first heap   total 143360K, used 95142K [0x0000000080000000, 0x0000000100000000)
  region size 1024K, 2 young (2048K), 2 survivors (2048K)
 Metaspace       used 84922K, capacity 86871K, committed 87036K, reserved 1124352K
  class space    used 10889K, capacity 11561K, committed 11648K, reserved 1048576K
}
Event: 41.155 GC heap before
{Heap before GC invocations=54 (full 0):
 garbage-first heap   total 143360K, used 100262K [0x0000000080000000, 0x0000000100000000)
  region size 1024K, 9 young (9216K), 2 survivors (2048K)
 Metaspace       used 85003K, capacity 86935K, committed 87036K, reserved 1124352K
  class space    used 10894K, capacity 11561K, committed 11648K, reserved 1048576K
}
Event: 41.164 GC heap after
{Heap after GC invocations=55 (full 0):
 garbage-first heap   total 143360K, used 99657K [0x0000000080000000, 0x0000000100000000)
  region size 1024K, 3 young (3072K), 3 survivors (3072K)
 Metaspace       used 85003K, capacity 86935K, committed 87036K, reserved 1124352K
  class space    used 10894K, capacity 11561K, committed 11648K, reserved 1048576K
}
Event: 41.533 GC heap before
{Heap before GC invocations=56 (full 0):
 garbage-first heap   total 143360K, used 129353K [0x0000000080000000, 0x0000000100000000)
  region size 1024K, 18 young (18432K), 3 survivors (3072K)
 Metaspace       used 87262K, capacity 89115K, committed 89212K, reserved 1126400K
  class space    used 11088K, capacity 11766K, committed 11776K, reserved 1048576K
}
Event: 41.542 GC heap after
{Heap after GC invocations=57 (full 0):
 garbage-first heap   total 143360K, used 99768K [0x0000000080000000, 0x0000000100000000)
  region size 1024K, 2 young (2048K), 2 survivors (2048K)
 Metaspace       used 87262K, capacity 89115K, committed 89212K, reserved 1126400K
  class space    used 11088K, capacity 11766K, committed 11776K, reserved 1048576K
}
Event: 41.606 GC heap before
{Heap before GC invocations=57 (full 0):
 garbage-first heap   total 143360K, used 104888K [0x0000000080000000, 0x0000000100000000)
  region size 1024K, 7 young (7168K), 2 survivors (2048K)
 Metaspace       used 88073K, capacity 89901K, committed 90108K, reserved 1128448K
  class space    used 11171K, capacity 11833K, committed 11904K, reserved 1048576K
}
Event: 41.610 GC heap after
{Heap after GC invocations=58 (full 0):
 garbage-first heap   total 143360K, used 99469K [0x0000000080000000, 0x0000000100000000)
  region size 1024K, 1 young (1024K), 1 survivors (1024K)
 Metaspace       used 88073K, capacity 89901K, committed 90108K, reserved 1128448K
  class space    used 11171K, capacity 11833K, committed 11904K, reserved 1048576K
}
Event: 41.819 GC heap before
{Heap before GC invocations=58 (full 0):
 garbage-first heap   total 143360K, used 115853K [0x0000000080000000, 0x0000000100000000)
  region size 1024K, 17 young (17408K), 1 survivors (1024K)
 Metaspace       used 88916K, capacity 90808K, committed 90876K, reserved 1128448K
  class space    used 11241K, capacity 11900K, committed 11904K, reserved 1048576K
}
Event: 41.825 GC heap after
{Heap after GC invocations=59 (full 0):
 garbage-first heap   total 143360K, used 101316K [0x0000000080000000, 0x0000000100000000)
  region size 1024K, 3 young (3072K), 3 survivors (3072K)
 Metaspace       used 88916K, capacity 90808K, committed 90876K, reserved 1128448K
  class space    used 11241K, capacity 11900K, committed 11904K, reserved 1048576K
}
Event: 42.089 GC heap before
{Heap before GC invocations=60 (full 0):
 garbage-first heap   total 143360K, used 107460K [0x0000000080000000, 0x0000000100000000)
  region size 1024K, 18 young (18432K), 3 survivors (3072K)
 Metaspace       used 89099K, capacity 90974K, committed 91260K, reserved 1128448K
  class space    used 11250K, capacity 11905K, committed 12032K, reserved 1048576K
}

Deoptimization events (20 events):
Event: 41.987 Thread 0x000002b84f83b800 DEOPT PACKING pc=0x000002b834a1efb0 sp=0x000000ef2f3fcb80
Event: 41.987 Thread 0x000002b84f83b800 DEOPT UNPACKING pc=0x000002b832f572ce sp=0x000000ef2f3fc0c0 mode 0
Event: 41.990 Thread 0x000002b84f83b800 DEOPT PACKING pc=0x000002b834a1efb0 sp=0x000000ef2f3fcb80
Event: 41.990 Thread 0x000002b84f83b800 DEOPT UNPACKING pc=0x000002b832f572ce sp=0x000000ef2f3fc0c0 mode 0
Event: 41.997 Thread 0x000002b84f83b800 DEOPT PACKING pc=0x000002b834a1efb0 sp=0x000000ef2f3fcb80
Event: 41.997 Thread 0x000002b84f83b800 DEOPT UNPACKING pc=0x000002b832f572ce sp=0x000000ef2f3fc0c0 mode 0
Event: 42.000 Thread 0x000002b84f83b800 DEOPT PACKING pc=0x000002b834a1efb0 sp=0x000000ef2f3fcb80
Event: 42.000 Thread 0x000002b84f83b800 DEOPT UNPACKING pc=0x000002b832f572ce sp=0x000000ef2f3fc0c0 mode 0
Event: 42.006 Thread 0x000002b84f83b800 DEOPT PACKING pc=0x000002b834a1efb0 sp=0x000000ef2f3fcb80
Event: 42.006 Thread 0x000002b84f83b800 DEOPT UNPACKING pc=0x000002b832f572ce sp=0x000000ef2f3fc0c0 mode 0
Event: 42.011 Thread 0x000002b84f83b800 DEOPT PACKING pc=0x000002b834a1efb0 sp=0x000000ef2f3fcee0
Event: 42.011 Thread 0x000002b84f83b800 DEOPT UNPACKING pc=0x000002b832f572ce sp=0x000000ef2f3fc420 mode 0
Event: 42.020 Thread 0x000002b84f83b800 DEOPT PACKING pc=0x000002b834b12f1d sp=0x000000ef2f3fcf00
Event: 42.020 Thread 0x000002b84f83b800 DEOPT UNPACKING pc=0x000002b832f572ce sp=0x000000ef2f3fc360 mode 0
Event: 42.023 Thread 0x000002b84f83b800 DEOPT PACKING pc=0x000002b834a1efb0 sp=0x000000ef2f3fcaa0
Event: 42.023 Thread 0x000002b84f83b800 DEOPT UNPACKING pc=0x000002b832f572ce sp=0x000000ef2f3fbfe0 mode 0
Event: 42.032 Thread 0x000002b84f83b800 DEOPT PACKING pc=0x000002b834a1efb0 sp=0x000000ef2f3fcac0
Event: 42.032 Thread 0x000002b84f83b800 DEOPT UNPACKING pc=0x000002b832f572ce sp=0x000000ef2f3fc000 mode 0
Event: 42.038 Thread 0x000002b84f83b800 DEOPT PACKING pc=0x000002b834a1efb0 sp=0x000000ef2f3fcd80
Event: 42.038 Thread 0x000002b84f83b800 DEOPT UNPACKING pc=0x000002b832f572ce sp=0x000000ef2f3fc2c0 mode 0

Classes redefined (0 events):
No events

Internal exceptions (20 events):
Event: 34.977 Thread 0x000002b84afcb800 Implicit null exception at 0x000002b83aecab52 to 0x000002b83aecaf58
Event: 37.292 Thread 0x000002b84d3b0800 Exception <a 'java/lang/NoSuchMethodError'{0x0000000086dac4e8}: 'java.lang.Object java.lang.invoke.DirectMethodHandle$Holder.invokeSpecial(java.lang.Object, java.lang.Object, int, java.lang.Object, java.lang.Object)'> (0x0000000086dac4e8) thrown at [./src/hotspot/share/interpreter/linkResolver.cpp, line 773]
Event: 37.295 Thread 0x000002b84d3b0800 Exception <a 'java/lang/NoSuchMethodError'{0x0000000086db4f28}: 'java.lang.Object java.lang.invoke.DirectMethodHandle$Holder.invokeStatic(java.lang.Object, java.lang.Object, int, java.lang.Object)'> (0x0000000086db4f28) thrown at [./src/hotspot/share/interpreter/linkResolver.cpp, line 773]
Event: 37.297 Thread 0x000002b84d3b0800 Exception <a 'java/lang/NoSuchMethodError'{0x0000000086db8c20}: 'java.lang.Object java.lang.invoke.Invokers$Holder.linkToTargetMethod(java.lang.Object, int, java.lang.Object, java.lang.Object)'> (0x0000000086db8c20) thrown at [./src/hotspot/share/interpreter/linkResolver.cpp, line 773]
Event: 37.307 Thread 0x000002b84d3b0800 Exception <a 'java/lang/NoSuchMethodError'{0x0000000086dd08a8}: 'void java.lang.invoke.DirectMethodHandle$Holder.invokeVirtual(java.lang.Object, java.lang.Object)'> (0x0000000086dd08a8) thrown at [./src/hotspot/share/interpreter/linkResolver.cpp, line 773]
Event: 37.949 Thread 0x000002b84d3b0800 Implicit null exception at 0x000002b83ac94684 to 0x000002b83ac9487c
Event: 41.302 Thread 0x000002b84d3b0800 Exception <a 'java/lang/NoSuchMethodError'{0x0000000088943f00}: <clinit>> (0x0000000088943f00) thrown at [./src/hotspot/share/prims/jni.cpp, line 1362]
Event: 41.389 Thread 0x000002b84d3b0800 Exception <a 'java/lang/NoSuchMethodError'{0x00000000887ed4d0}: <clinit>> (0x00000000887ed4d0) thrown at [./src/hotspot/share/prims/jni.cpp, line 1362]
Event: 41.501 Thread 0x000002b84b594000 Exception <a 'java/lang/ClassNotFoundException'{0x0000000087dd5070}: groovy/util/slurpersupport/NodeChildBeanInfo> (0x0000000087dd5070) thrown at [./src/hotspot/share/classfile/systemDictionary.cpp, line 231]
Event: 41.502 Thread 0x000002b84b594000 Exception <a 'java/lang/ClassNotFoundException'{0x0000000087de4f48}: groovy/util/slurpersupport/GPathResultBeanInfo> (0x0000000087de4f48) thrown at [./src/hotspot/share/classfile/systemDictionary.cpp, line 231]
Event: 41.503 Thread 0x000002b84b594000 Exception <a 'java/lang/ClassNotFoundException'{0x0000000087df4b70}: groovy/util/slurpersupport/GPathResultCustomizer> (0x0000000087df4b70) thrown at [./src/hotspot/share/classfile/systemDictionary.cpp, line 231]
Event: 41.505 Thread 0x000002b84b594000 Exception <a 'java/lang/ClassNotFoundException'{0x0000000087c159f0}: groovy/util/slurpersupport/NodeChildCustomizer> (0x0000000087c159f0) thrown at [./src/hotspot/share/classfile/systemDictionary.cpp, line 231]
Event: 41.528 Thread 0x000002b84b594000 Exception <a 'java/lang/ClassNotFoundException'{0x0000000087a85e58}: groovy/util/slurpersupport/AttributesBeanInfo> (0x0000000087a85e58) thrown at [./src/hotspot/share/classfile/systemDictionary.cpp, line 231]
Event: 41.529 Thread 0x000002b84b594000 Exception <a 'java/lang/ClassNotFoundException'{0x0000000087ab6f40}: groovy/util/slurpersupport/NodeChildrenBeanInfo> (0x0000000087ab6f40) thrown at [./src/hotspot/share/classfile/systemDictionary.cpp, line 231]
Event: 41.529 Thread 0x000002b84b594000 Exception <a 'java/lang/ClassNotFoundException'{0x0000000087ac6be8}: groovy/util/slurpersupport/NodeChildrenCustomizer> (0x0000000087ac6be8) thrown at [./src/hotspot/share/classfile/systemDictionary.cpp, line 231]
Event: 41.531 Thread 0x000002b84b594000 Exception <a 'java/lang/ClassNotFoundException'{0x0000000087adda00}: groovy/util/slurpersupport/AttributesCustomizer> (0x0000000087adda00) thrown at [./src/hotspot/share/classfile/systemDictionary.cpp, line 231]
Event: 41.550 Thread 0x000002b84b594000 Exception <a 'java/lang/ClassNotFoundException'{0x0000000088a399d8}: groovy/util/slurpersupport/AttributeBeanInfo> (0x0000000088a399d8) thrown at [./src/hotspot/share/classfile/systemDictionary.cpp, line 231]
Event: 41.551 Thread 0x000002b84b594000 Exception <a 'java/lang/ClassNotFoundException'{0x0000000088a49e50}: groovy/util/slurpersupport/AttributeCustomizer> (0x0000000088a49e50) thrown at [./src/hotspot/share/classfile/systemDictionary.cpp, line 231]
Event: 41.600 Thread 0x000002b84b594000 Exception <a 'java/lang/NoSuchMethodError'{0x0000000088726cc0}: 'void java.lang.invoke.DirectMethodHandle$Holder.invokeStatic(java.lang.Object, java.lang.Object, java.lang.Object, java.lang.Object, int, java.lang.Object)'> (0x0000000088726cc0) thrown at [./src/hotspot/share/interpreter/linkResolver.cpp, line 773]
Event: 41.930 Thread 0x000002b84b594000 Exception <a 'java/lang/NoSuchMethodError'{0x000000008871e958}: <clinit>> (0x000000008871e958) thrown at [./src/hotspot/share/prims/jni.cpp, line 1362]

Events (20 events):
Event: 41.914 loading class org/gradle/internal/fingerprint/impl/IgnoredPathFingerprintingStrategy$1 done
Event: 41.948 Executing VM operation: CGC_Operation
Event: 41.960 Executing VM operation: CGC_Operation done
Event: 41.975 loading class com/android/aaptcompiler/TableExtractor$extractResource$parseBagMethod$5
Event: 41.975 loading class com/android/aaptcompiler/TableExtractor$extractResource$parseBagMethod$5 done
Event: 41.976 loading class com/android/aaptcompiler/Styleable
Event: 41.976 loading class com/android/aaptcompiler/Styleable done
Event: 41.979 loading class com/android/aaptcompiler/ResourceTable$setVisibilityWithId$1
Event: 41.979 loading class com/android/aaptcompiler/ResourceTable$setVisibilityWithId$1 done
Event: 42.011 Executing VM operation: CGC_Operation
Event: 42.013 Executing VM operation: CGC_Operation done
Event: 42.064 loading class com/android/aapt/Resources$Array$1
Event: 42.064 loading class com/android/aapt/Resources$Array$1 done
Event: 42.068 loading class com/android/aapt/Resources$Array$Builder
Event: 42.068 loading class com/android/aapt/Resources$Array$Builder done
Event: 42.070 loading class com/android/aapt/Resources$Array$Element
Event: 42.071 loading class com/android/aapt/Resources$Array$Element done
Event: 42.081 loading class com/android/aapt/Resources$Array$ElementOrBuilder
Event: 42.081 loading class com/android/aapt/Resources$Array$ElementOrBuilder done
Event: 42.086 Executing VM operation: G1CollectForAllocation


Dynamic libraries:
0x00007ff7a7660000 - 0x00007ff7a766a000 	C:\Program Files\Android\Android Studio\jre\bin\java.exe
0x00007ffdef6b0000 - 0x00007ffdef8a5000 	C:\WINDOWS\SYSTEM32\ntdll.dll
0x00007ffded720000 - 0x00007ffded7dd000 	C:\WINDOWS\System32\KERNEL32.DLL
0x00007ffded1e0000 - 0x00007ffded4a8000 	C:\WINDOWS\System32\KERNELBASE.dll
0x00007ffded4b0000 - 0x00007ffded5b0000 	C:\WINDOWS\System32\ucrtbase.dll
0x00007ffde4470000 - 0x00007ffde4487000 	C:\Program Files\Android\Android Studio\jre\bin\VCRUNTIME140.dll
0x00007ffde6e10000 - 0x00007ffde6e29000 	C:\Program Files\Android\Android Studio\jre\bin\jli.dll
0x00007ffdee090000 - 0x00007ffdee230000 	C:\WINDOWS\System32\USER32.dll
0x00007ffded5b0000 - 0x00007ffded5d2000 	C:\WINDOWS\System32\win32u.dll
0x00007ffdee9f0000 - 0x00007ffdeea1a000 	C:\WINDOWS\System32\GDI32.dll
0x00007ffdecf70000 - 0x00007ffded07b000 	C:\WINDOWS\System32\gdi32full.dll
0x00007ffdece70000 - 0x00007ffdecf0d000 	C:\WINDOWS\System32\msvcp_win.dll
0x00007ffddc060000 - 0x00007ffddc2fa000 	C:\WINDOWS\WinSxS\amd64_microsoft.windows.common-controls_6595b64144ccf1df_6.0.19041.1052_none_60b8f8fd71f5e8cb\COMCTL32.dll
0x00007ffded7f0000 - 0x00007ffded88e000 	C:\WINDOWS\System32\msvcrt.dll
0x00007ffdee490000 - 0x00007ffdee4c0000 	C:\WINDOWS\System32\IMM32.DLL
0x00007ffdd4380000 - 0x00007ffdd441d000 	C:\Program Files\Android\Android Studio\jre\bin\msvcp140.dll
0x00007ffdb4640000 - 0x00007ffdb50fc000 	C:\Program Files\Android\Android Studio\jre\bin\server\jvm.dll
0x00007ffdef280000 - 0x00007ffdef32c000 	C:\WINDOWS\System32\ADVAPI32.dll
0x00007ffdee4c0000 - 0x00007ffdee55b000 	C:\WINDOWS\System32\sechost.dll
0x00007ffdee8c0000 - 0x00007ffdee9eb000 	C:\WINDOWS\System32\RPCRT4.dll
0x00007ffdef660000 - 0x00007ffdef668000 	C:\WINDOWS\System32\PSAPI.DLL
0x00007ffde7aa0000 - 0x00007ffde7aa9000 	C:\WINDOWS\SYSTEM32\WSOCK32.dll
0x00007ffde1620000 - 0x00007ffde1647000 	C:\WINDOWS\SYSTEM32\WINMM.dll
0x00007ffddff10000 - 0x00007ffddff1a000 	C:\WINDOWS\SYSTEM32\VERSION.dll
0x00007ffdeec70000 - 0x00007ffdeecdb000 	C:\WINDOWS\System32\WS2_32.dll
0x00007ffdeb6b0000 - 0x00007ffdeb6c2000 	C:\WINDOWS\SYSTEM32\kernel.appcore.dll
0x00007ffde2eb0000 - 0x00007ffde2ec1000 	C:\Program Files\Android\Android Studio\jre\bin\verify.dll
0x00007ffdeb470000 - 0x00007ffdeb654000 	C:\WINDOWS\SYSTEM32\DBGHELP.DLL
0x00007ffde3820000 - 0x00007ffde384c000 	C:\WINDOWS\SYSTEM32\dbgcore.DLL
0x00007ffded690000 - 0x00007ffded713000 	C:\WINDOWS\System32\bcryptPrimitives.dll
0x00007ffdd8320000 - 0x00007ffdd8349000 	C:\Program Files\Android\Android Studio\jre\bin\java.dll
0x00007ffde7a00000 - 0x00007ffde7a0b000 	C:\Program Files\Android\Android Studio\jre\bin\jimage.dll
0x00007ffdd8d20000 - 0x00007ffdd8d38000 	C:\Program Files\Android\Android Studio\jre\bin\zip.dll
0x00007ffded8f0000 - 0x00007ffdee02f000 	C:\WINDOWS\System32\SHELL32.dll
0x00007ffdeaba0000 - 0x00007ffdeb330000 	C:\WINDOWS\SYSTEM32\windows.storage.dll
0x00007ffdee560000 - 0x00007ffdee8b5000 	C:\WINDOWS\System32\combase.dll
0x00007ffdec790000 - 0x00007ffdec7bc000 	C:\WINDOWS\SYSTEM32\Wldp.dll
0x00007ffdee3e0000 - 0x00007ffdee48e000 	C:\WINDOWS\System32\SHCORE.dll
0x00007ffdee030000 - 0x00007ffdee085000 	C:\WINDOWS\System32\shlwapi.dll
0x00007ffdecd30000 - 0x00007ffdecd4f000 	C:\WINDOWS\SYSTEM32\profapi.dll
0x00007ffdd8720000 - 0x00007ffdd873a000 	C:\Program Files\Android\Android Studio\jre\bin\net.dll
0x00007ffde42c0000 - 0x00007ffde43cb000 	C:\WINDOWS\SYSTEM32\WINHTTP.dll
0x00007ffdec4b0000 - 0x00007ffdec51a000 	C:\WINDOWS\system32\mswsock.dll
0x00007ffdd7d20000 - 0x00007ffdd7d34000 	C:\Program Files\Android\Android Studio\jre\bin\nio.dll
0x00007ffddee30000 - 0x00007ffddee56000 	C:\Users\gulsa\.gradle\native\fdc75f09e3144964f2cf3f50f0aa648679c211496f362492102eb8c894070792\windows-amd64\native-platform.dll
0x00007ffdca250000 - 0x00007ffdca3e1000 	C:\Users\gulsa\.gradle\native\12488b8bf47d2d4c9fbf2f6322a914ad602e24e48041cd04a747c6da556b65c4\windows-amd64\native-platform-file-events.dll
0x00007ffde7960000 - 0x00007ffde796a000 	C:\Program Files\Android\Android Studio\jre\bin\management.dll
0x00007ffde7910000 - 0x00007ffde791c000 	C:\Program Files\Android\Android Studio\jre\bin\management_ext.dll
0x00007ffdec6c0000 - 0x00007ffdec6d8000 	C:\WINDOWS\SYSTEM32\CRYPTSP.dll
0x00007ffdebe60000 - 0x00007ffdebe94000 	C:\WINDOWS\system32\rsaenh.dll
0x00007ffdecdf0000 - 0x00007ffdece17000 	C:\WINDOWS\System32\bcrypt.dll
0x00007ffdeccb0000 - 0x00007ffdeccde000 	C:\WINDOWS\SYSTEM32\USERENV.dll
0x00007ffdec6b0000 - 0x00007ffdec6bc000 	C:\WINDOWS\SYSTEM32\CRYPTBASE.dll
0x00007ffdec1c0000 - 0x00007ffdec1fb000 	C:\WINDOWS\SYSTEM32\IPHLPAPI.DLL
0x00007ffded7e0000 - 0x00007ffded7e8000 	C:\WINDOWS\System32\NSI.dll
0x00007ffde46e0000 - 0x00007ffde46f7000 	C:\WINDOWS\SYSTEM32\dhcpcsvc6.DLL
0x00007ffde4970000 - 0x00007ffde498d000 	C:\WINDOWS\SYSTEM32\dhcpcsvc.DLL
0x00007ffdec200000 - 0x00007ffdec2cc000 	C:\WINDOWS\SYSTEM32\DNSAPI.dll
0x00007ffde5690000 - 0x00007ffde569b000 	C:\WINDOWS\SYSTEM32\WINNSI.DLL

dbghelp: loaded successfully - version: 4.0.5 - missing functions: none
symbol engine: initialized successfully - sym options: 0x614 - pdb path: .;C:\Program Files\Android\Android Studio\jre\bin;C:\WINDOWS\SYSTEM32;C:\WINDOWS\WinSxS\amd64_microsoft.windows.common-controls_6595b64144ccf1df_6.0.19041.1052_none_60b8f8fd71f5e8cb;C:\Program Files\Android\Android Studio\jre\bin\server;C:\Users\gulsa\.gradle\native\fdc75f09e3144964f2cf3f50f0aa648679c211496f362492102eb8c894070792\windows-amd64;C:\Users\gulsa\.gradle\native\12488b8bf47d2d4c9fbf2f6322a914ad602e24e48041cd04a747c6da556b65c4\windows-amd64

VM Arguments:
jvm_args: --add-opens=java.base/java.util=ALL-UNNAMED --add-opens=java.base/java.lang=ALL-UNNAMED --add-opens=java.base/java.lang.invoke=ALL-UNNAMED --add-opens=java.prefs/java.util.prefs=ALL-UNNAMED -Xmx2048m -Dfile.encoding=UTF-8 -Duser.country=TR -Duser.language=tr -Duser.variant 
java_command: org.gradle.launcher.daemon.bootstrap.GradleDaemon 6.7.1
java_class_path (initial): C:\Users\gulsa\.gradle\wrapper\dists\gradle-6.7.1-bin\bwlcbys1h7rz3272sye1xwiv6\gradle-6.7.1\lib\gradle-launcher-6.7.1.jar
Launcher Type: SUN_STANDARD

[Global flags]
     intx CICompilerCount                          = 4                                         {product} {ergonomic}
     uint ConcGCThreads                            = 2                                         {product} {ergonomic}
     uint G1ConcRefinementThreads                  = 8                                         {product} {ergonomic}
   size_t G1HeapRegionSize                         = 1048576                                   {product} {ergonomic}
    uintx GCDrainStackTargetSize                   = 64                                        {product} {ergonomic}
   size_t InitialHeapSize                          = 100663296                                 {product} {ergonomic}
   size_t MarkStackSize                            = 4194304                                   {product} {ergonomic}
   size_t MaxHeapSize                              = 2147483648                                {product} {command line}
   size_t MaxNewSize                               = 1287651328                                {product} {ergonomic}
   size_t MinHeapDeltaBytes                        = 1048576                                   {product} {ergonomic}
    uintx NonNMethodCodeHeapSize                   = 5836300                                {pd product} {ergonomic}
    uintx NonProfiledCodeHeapSize                  = 122910970                              {pd product} {ergonomic}
    uintx ProfiledCodeHeapSize                     = 122910970                              {pd product} {ergonomic}
    uintx ReservedCodeCacheSize                    = 251658240                              {pd product} {ergonomic}
     bool SegmentedCodeCache                       = true                                      {product} {ergonomic}
     bool UseCompressedClassPointers               = true                                 {lp64_product} {ergonomic}
     bool UseCompressedOops                        = true                                 {lp64_product} {ergonomic}
     bool UseG1GC                                  = true                                      {product} {ergonomic}
     bool UseLargePagesIndividualAllocation        = false                                  {pd product} {ergonomic}

Logging:
Log output configuration:
 #0: stdout all=warning uptime,level,tags
 #1: stderr all=off uptime,level,tags

Environment Variables:
PATH=C:\WINDOWS\system32;C:\WINDOWS;C:\WINDOWS\System32\Wbem;C:\WINDOWS\System32\WindowsPowerShell\v1.0\;C:\WINDOWS\System32\OpenSSH\;C:\Program Files\dotnet\;C:\Program Files\Microsoft SQL Server\Client SDK\ODBC\130\Tools\Binn\;C:\Program Files\Git\cmd;C:\Program Files (x86)\dotnet\;C:\Users\gulsa\anaconda3;C:\Users\gulsa\anaconda3\Library\mingw-w64\bin;C:\Users\gulsa\anaconda3\Library\usr\bin;C:\Users\gulsa\anaconda3\Library\bin;C:\Users\gulsa\anaconda3\Scripts;C:\Users\gulsa\AppData\Local\Programs\Python\Python37-32\Scripts\;C:\Users\gulsa\AppData\Local\Programs\Python\Python37-32\;C:\Users\gulsa\AppData\Local\Microsoft\WindowsApps;C:\Users\gulsa\AppData\Local\Programs\Microsoft VS Code\bin;C:\Users\gulsa\.dotnet\tools;C:\Users\gulsa\AppData\Local\GitHubDesktop\bin;C:\Users\gulsa\AppData\Local\Android\Sdk\platform-tools;C:\src\flutter\bin;;%USERPROFILE%\AppData\Local\Microsoft\WindowsApps
USERNAME=gulsa
OS=Windows_NT
PROCESSOR_IDENTIFIER=AMD64 Family 23 Model 24 Stepping 1, AuthenticAMD



---------------  S Y S T E M  ---------------

OS: Windows 10 , 64 bit Build 19041 (10.0.19041.1023)
OS uptime: 21 days 22:59 hours
HyperV virtualization detected

CPU:total 8 (initial active 8) (8 cores per cpu, 2 threads per core) family 23 model 24 stepping 1, cmov, cx8, fxsr, mmx, sse, sse2, sse3, ssse3, sse4.1, sse4.2, popcnt, avx, avx2, aes, clmul, mmxext, 3dnowpref, lzcnt, sse4a, ht, tsc, tscinvbit, tscinv, bmi1, bmi2, adx, sha, fma

Memory: 4k page, system-wide physical 6020M (363M free)
TotalPageFile size 24452M (AvailPageFile size 40M)
current process WorkingSet (physical memory assigned to process): 332M, peak: 340M
current process commit charge ("private bytes"): 423M, peak: 451M

vm_info: OpenJDK 64-Bit Server VM (11.0.8+10-b944.6842174) for windows-amd64 JRE (11.0.8+10-b944.6842174), built on Sep 19 2020 01:11:42 by "builder" with MS VC++ 14.0 (VS2015)

END.
