#
# There is insufficient memory for the Java Runtime Environment to continue.
# Native memory allocation (malloc) failed to allocate 1824176 bytes for Chunk::new
# Possible reasons:
#   The system is out of physical RAM or swap space
#   The process is running with CompressedOops enabled, and the Java Heap may be blocking the growth of the native heap
# Possible solutions:
#   Reduce memory load on the system
#   Increase physical memory or swap space
#   Check if swap backing store is full
#   Decrease Java heap size (-Xmx/-Xms)
#   Decrease number of Java threads
#   Decrease Java thread stack sizes (-Xss)
#   Set larger code cache with -XX:ReservedCodeCacheSize=
#   JVM is running with Unscaled Compressed Oops mode in which the Java heap is
#     placed in the first 4GB address space. The Java Heap base address is the
#     maximum limit for the native heap growth. Please use -XX:HeapBaseMinAddress
#     to set the Java Heap base and to place the Java Heap above 4GB virtual address.
# This output file may be truncated or incomplete.
#
#  Out of Memory Error (./src/hotspot/share/memory/arena.cpp:197), pid=20632, tid=6924
#
# JRE version: OpenJDK Runtime Environment (11.0.8+10) (build 11.0.8+10-b944.6842174)
# Java VM: OpenJDK 64-Bit Server VM (11.0.8+10-b944.6842174, mixed mode, tiered, compressed oops, g1 gc, windows-amd64)
# No core dump will be written. Minidumps are not enabled by default on client versions of Windows
#

---------------  S U M M A R Y ------------

Command Line: --add-opens=java.base/java.util=ALL-UNNAMED --add-opens=java.base/java.lang=ALL-UNNAMED --add-opens=java.base/java.lang.invoke=ALL-UNNAMED --add-opens=java.prefs/java.util.prefs=ALL-UNNAMED -Xmx2048m -Dfile.encoding=UTF-8 -Duser.country=TR -Duser.language=tr -Duser.variant org.gradle.launcher.daemon.bootstrap.GradleDaemon 6.7.1

Host: AMD Ryzen 7 3700U with Radeon Vega Mobile Gfx  , 8 cores, 5G,  Windows 10 , 64 bit Build 19041 (10.0.19041.1023)
Time: Mon Jul  5 10:57:11 2021 Türkiye Standart Saati elapsed time: 9 seconds (0d 0h 0m 9s)

---------------  T H R E A D  ---------------

Current thread (0x0000018c7cb07000):  JavaThread "C2 CompilerThread0" daemon [_thread_in_native, id=6924, stack(0x00000048df400000,0x00000048df500000)]


Current CompileTask:
C2:   9037 3253       4       groovy.lang.MetaClassImpl$1MOPIter::methodNameAction (325 bytes)

Stack: [0x00000048df400000,0x00000048df500000]
Native frames: (J=compiled Java code, j=interpreted, Vv=VM code, C=native code)
V  [jvm.dll+0x5de50a]
V  [jvm.dll+0x7122f5]
V  [jvm.dll+0x71384d]
V  [jvm.dll+0x713f03]
V  [jvm.dll+0x23e728]
V  [jvm.dll+0xb899c]
V  [jvm.dll+0xb8e9c]
V  [jvm.dll+0x35024d]
V  [jvm.dll+0x31dea3]
V  [jvm.dll+0x31d39a]
V  [jvm.dll+0x1f7702]
V  [jvm.dll+0x1f68d4]
V  [jvm.dll+0x17f32c]
V  [jvm.dll+0x205047]
V  [jvm.dll+0x203891]
V  [jvm.dll+0x6dad3f]
V  [jvm.dll+0x6d3895]
V  [jvm.dll+0x5dd4a6]
C  [ucrtbase.dll+0x21bb2]
C  [KERNEL32.DLL+0x17034]
C  [ntdll.dll+0x52651]


---------------  P R O C E S S  ---------------

Threads class SMR info:
_java_thread_list=0x0000018c10996aa0, length=32, elements={
0x0000018c710da000, 0x0000018c7cae9800, 0x0000018c7caf2800, 0x0000018c7cb04000,
0x0000018c7cb06000, 0x0000018c7cb07000, 0x0000018c7cb15000, 0x0000018c7cb21800,
0x0000018c7d5cc800, 0x0000018c7d5e7000, 0x0000018c0f7b4800, 0x0000018c7ee0e000,
0x0000018c7ed3c800, 0x0000018c7ebca800, 0x0000018c7ebcb800, 0x0000018c0f5a6000,
0x0000018c0f7b0800, 0x0000018c0f7b1800, 0x0000018c7eb90000, 0x0000018c7d58d800,
0x0000018c7d592800, 0x0000018c7d590000, 0x0000018c7d591000, 0x0000018c7d592000,
0x0000018c7d58e800, 0x0000018c7d58d000, 0x0000018c7d58f800, 0x0000018c7d593800,
0x0000018c7ee1c800, 0x0000018c7ee1b000, 0x0000018c10314800, 0x0000018c7ee18800
}

Java Threads: ( => current thread )
  0x0000018c710da000 JavaThread "main" [_thread_blocked, id=3024, stack(0x00000048de900000,0x00000048dea00000)]
  0x0000018c7cae9800 JavaThread "Reference Handler" daemon [_thread_blocked, id=14540, stack(0x00000048df000000,0x00000048df100000)]
  0x0000018c7caf2800 JavaThread "Finalizer" daemon [_thread_blocked, id=11052, stack(0x00000048df100000,0x00000048df200000)]
  0x0000018c7cb04000 JavaThread "Signal Dispatcher" daemon [_thread_blocked, id=8956, stack(0x00000048df200000,0x00000048df300000)]
  0x0000018c7cb06000 JavaThread "Attach Listener" daemon [_thread_blocked, id=6952, stack(0x00000048df300000,0x00000048df400000)]
=>0x0000018c7cb07000 JavaThread "C2 CompilerThread0" daemon [_thread_in_native, id=6924, stack(0x00000048df400000,0x00000048df500000)]
  0x0000018c7cb15000 JavaThread "C1 CompilerThread0" daemon [_thread_blocked, id=20744, stack(0x00000048df500000,0x00000048df600000)]
  0x0000018c7cb21800 JavaThread "Sweeper thread" daemon [_thread_blocked, id=18736, stack(0x00000048df600000,0x00000048df700000)]
  0x0000018c7d5cc800 JavaThread "Common-Cleaner" daemon [_thread_blocked, id=17216, stack(0x00000048df700000,0x00000048df800000)]
  0x0000018c7d5e7000 JavaThread "Service Thread" daemon [_thread_blocked, id=9148, stack(0x00000048df800000,0x00000048df900000)]
  0x0000018c0f7b4800 JavaThread "Daemon health stats" [_thread_blocked, id=6092, stack(0x00000048dfd00000,0x00000048dfe00000)]
  0x0000018c7ee0e000 JavaThread "Incoming local TCP Connector on port 62685" [_thread_in_native, id=20592, stack(0x00000048dfe00000,0x00000048dff00000)]
  0x0000018c7ed3c800 JavaThread "Daemon periodic checks" [_thread_blocked, id=20796, stack(0x00000048dff00000,0x00000048e0000000)]
  0x0000018c7ebca800 JavaThread "Daemon" [_thread_blocked, id=14952, stack(0x00000048e0000000,0x00000048e0100000)]
  0x0000018c7ebcb800 JavaThread "Handler for socket connection from /127.0.0.1:62685 to /127.0.0.1:62686" [_thread_in_native, id=15776, stack(0x00000048e0100000,0x00000048e0200000)]
  0x0000018c0f5a6000 JavaThread "Cancel handler" [_thread_blocked, id=12788, stack(0x00000048e0900000,0x00000048e0a00000)]
  0x0000018c0f7b0800 JavaThread "Daemon worker" [_thread_in_vm, id=17396, stack(0x00000048e0a00000,0x00000048e0b00000)]
  0x0000018c0f7b1800 JavaThread "Asynchronous log dispatcher for DefaultDaemonConnection: socket connection from /127.0.0.1:62685 to /127.0.0.1:62686" [_thread_blocked, id=17756, stack(0x00000048e0b00000,0x00000048e0c00000)]
  0x0000018c7eb90000 JavaThread "Stdin handler" [_thread_blocked, id=8236, stack(0x00000048e0c00000,0x00000048e0d00000)]
  0x0000018c7d58d800 JavaThread "Thread-8" [_thread_blocked, id=19064, stack(0x00000048e0d00000,0x00000048e0e00000)]
  0x0000018c7d592800 JavaThread "Cache worker for file hash cache (C:\Users\gulsa\.gradle\caches\6.7.1\fileHashes)" [_thread_blocked, id=10172, stack(0x00000048e0e00000,0x00000048e0f00000)]
  0x0000018c7d590000 JavaThread "File lock request listener" [_thread_in_native, id=15248, stack(0x00000048e0f00000,0x00000048e1000000)]
  0x0000018c7d591000 JavaThread "Cache worker for journal cache (C:\Users\gulsa\.gradle\caches\journal-1)" [_thread_blocked, id=6160, stack(0x00000048e1000000,0x00000048e1100000)]
  0x0000018c7d592000 JavaThread "Cache worker for file hash cache (C:\Users\gulsa\Desktop\androidProjects\hathor\.gradle\6.7.1\fileHashes)" [_thread_blocked, id=13896, stack(0x00000048e1100000,0x00000048e1200000)]
  0x0000018c7d58e800 JavaThread "Cache worker for checksums cache (C:\Users\gulsa\Desktop\androidProjects\hathor\.gradle\checksums)" [_thread_blocked, id=8152, stack(0x00000048e1200000,0x00000048e1300000)]
  0x0000018c7d58d000 JavaThread "Cache worker for cache directory md-supplier (C:\Users\gulsa\.gradle\caches\6.7.1\md-supplier)" [_thread_blocked, id=11852, stack(0x00000048e1400000,0x00000048e1500000)]
  0x0000018c7d58f800 JavaThread "Cache worker for cache directory md-rule (C:\Users\gulsa\.gradle\caches\6.7.1\md-rule)" [_thread_blocked, id=13120, stack(0x00000048e1500000,0x00000048e1600000)]
  0x0000018c7d593800 JavaThread "Cache worker for execution history cache (C:\Users\gulsa\.gradle\caches\6.7.1\executionHistory)" [_thread_blocked, id=8332, stack(0x00000048e1700000,0x00000048e1800000)]
  0x0000018c7ee1c800 JavaThread "jar transforms" [_thread_blocked, id=6020, stack(0x00000048e1600000,0x00000048e1700000)]
  0x0000018c7ee1b000 JavaThread "Cache worker for file content cache (C:\Users\gulsa\.gradle\caches\6.7.1\fileContent)" [_thread_blocked, id=20824, stack(0x00000048e1800000,0x00000048e1900000)]
  0x0000018c10314800 JavaThread "C2 CompilerThread1" daemon [_thread_in_native, id=11568, stack(0x00000048e1300000,0x00000048e1400000)]
  0x0000018c7ee18800 JavaThread "Cache worker for Build Output Cleanup Cache (C:\Users\gulsa\Desktop\androidProjects\hathor\.gradle\buildOutputCleanup)" [_thread_blocked, id=1428, stack(0x00000048e1900000,0x00000048e1a00000)]

Other Threads:
  0x0000018c7cae5800 VMThread "VM Thread" [stack: 0x00000048def00000,0x00000048df000000] [id=2244]
  0x0000018c7d5e8800 WatcherThread [stack: 0x00000048df900000,0x00000048dfa00000] [id=21100]
  0x0000018c710f2800 GCTaskThread "GC Thread#0" [stack: 0x00000048dea00000,0x00000048deb00000] [id=17152]
  0x0000018c7e397800 GCTaskThread "GC Thread#1" [stack: 0x00000048dfb00000,0x00000048dfc00000] [id=14520]
  0x0000018c7ebcc800 GCTaskThread "GC Thread#2" [stack: 0x00000048e0200000,0x00000048e0300000] [id=18504]
  0x0000018c7ee09000 GCTaskThread "GC Thread#3" [stack: 0x00000048e0300000,0x00000048e0400000] [id=9856]
  0x0000018c7ee09800 GCTaskThread "GC Thread#4" [stack: 0x00000048e0400000,0x00000048e0500000] [id=5196]
  0x0000018c7ee0a800 GCTaskThread "GC Thread#5" [stack: 0x00000048e0500000,0x00000048e0600000] [id=13020]
  0x0000018c7ee0b000 GCTaskThread "GC Thread#6" [stack: 0x00000048e0600000,0x00000048e0700000] [id=6616]
  0x0000018c7eefd000 GCTaskThread "GC Thread#7" [stack: 0x00000048e0700000,0x00000048e0800000] [id=19252]
  0x0000018c71124000 ConcurrentGCThread "G1 Main Marker" [stack: 0x00000048deb00000,0x00000048dec00000] [id=12216]
  0x0000018c71127000 ConcurrentGCThread "G1 Conc#0" [stack: 0x00000048dec00000,0x00000048ded00000] [id=8144]
  0x0000018c0f21f000 ConcurrentGCThread "G1 Conc#1" [stack: 0x00000048e0800000,0x00000048e0900000] [id=2832]
  0x0000018c711af000 ConcurrentGCThread "G1 Refine#0" [stack: 0x00000048ded00000,0x00000048dee00000] [id=14836]
  0x0000018c711b0000 ConcurrentGCThread "G1 Young RemSet Sampling" [stack: 0x00000048dee00000,0x00000048def00000] [id=13140]

Threads with active compile tasks:
C2 CompilerThread0   9089 3253       4       groovy.lang.MetaClassImpl$1MOPIter::methodNameAction (325 bytes)
C2 CompilerThread1   9089 3328       4       java.lang.invoke.LambdaForm$Name::replaceNames (174 bytes)

VM state:not at safepoint (normal execution)

VM Mutex/Monitor currently owned by a thread: None

Heap address: 0x0000000080000000, size: 2048 MB, Compressed Oops mode: 32-bit
Narrow klass base: 0x0000000000000000, Narrow klass shift: 3
Compressed class space size: 1073741824 Address: 0x0000000100000000

Heap:
 garbage-first heap   total 98304K, used 59875K [0x0000000080000000, 0x0000000100000000)
  region size 1024K, 41 young (41984K), 5 survivors (5120K)
 Metaspace       used 42301K, capacity 43239K, committed 43388K, reserved 1087488K
  class space    used 5436K, capacity 5774K, committed 5888K, reserved 1048576K
Heap Regions: E=young(eden), S=young(survivor), O=old, HS=humongous(starts), HC=humongous(continues), CS=collection set, F=free, A=archive, TAMS=top-at-mark-start (previous, next)
|   0|0x0000000080000000, 0x0000000080100000, 0x0000000080100000|100%| O|  |TAMS 0x0000000080100000, 0x0000000080000000| Untracked 
|   1|0x0000000080100000, 0x0000000080200000, 0x0000000080200000|100%| O|  |TAMS 0x0000000080200000, 0x0000000080100000| Untracked 
|   2|0x0000000080200000, 0x0000000080300000, 0x0000000080300000|100%| O|  |TAMS 0x0000000080300000, 0x0000000080200000| Untracked 
|   3|0x0000000080300000, 0x0000000080400000, 0x0000000080400000|100%|HS|  |TAMS 0x0000000080400000, 0x0000000080300000| Complete 
|   4|0x0000000080400000, 0x0000000080500000, 0x0000000080500000|100%|HC|  |TAMS 0x0000000080500000, 0x0000000080400000| Complete 
|   5|0x0000000080500000, 0x0000000080600000, 0x0000000080600000|100%|HC|  |TAMS 0x0000000080600000, 0x0000000080500000| Complete 
|   6|0x0000000080600000, 0x0000000080700000, 0x0000000080700000|100%| O|  |TAMS 0x0000000080700000, 0x0000000080600000| Untracked 
|   7|0x0000000080700000, 0x0000000080800000, 0x0000000080800000|100%| O|  |TAMS 0x0000000080800000, 0x0000000080700000| Untracked 
|   8|0x0000000080800000, 0x0000000080900000, 0x0000000080900000|100%| O|  |TAMS 0x0000000080900000, 0x0000000080800000| Untracked 
|   9|0x0000000080900000, 0x0000000080a00000, 0x0000000080a00000|100%| O|  |TAMS 0x0000000080a00000, 0x0000000080900000| Untracked 
|  10|0x0000000080a00000, 0x0000000080b00000, 0x0000000080b00000|100%| O|  |TAMS 0x0000000080b00000, 0x0000000080a00000| Untracked 
|  11|0x0000000080b00000, 0x0000000080c00000, 0x0000000080c00000|100%| O|  |TAMS 0x0000000080c00000, 0x0000000080b00000| Untracked 
|  12|0x0000000080c00000, 0x0000000080d00000, 0x0000000080d00000|100%| O|  |TAMS 0x0000000080d00000, 0x0000000080c00000| Untracked 
|  13|0x0000000080d00000, 0x0000000080e00000, 0x0000000080e00000|100%| O|  |TAMS 0x0000000080e00000, 0x0000000080d00000| Untracked 
|  14|0x0000000080e00000, 0x0000000080f00000, 0x0000000080f00000|100%| O|  |TAMS 0x0000000080f00000, 0x0000000080e00000| Untracked 
|  15|0x0000000080f00000, 0x0000000081000000, 0x0000000081000000|100%| O|  |TAMS 0x0000000081000000, 0x0000000080f00000| Untracked 
|  16|0x0000000081000000, 0x0000000081100000, 0x0000000081100000|100%| O|  |TAMS 0x0000000081100000, 0x0000000081000000| Untracked 
|  17|0x0000000081100000, 0x0000000081200000, 0x0000000081200000|100%| O|  |TAMS 0x0000000081118200, 0x0000000081100000| Untracked 
|  18|0x0000000081200000, 0x0000000081200000, 0x0000000081300000|  0%| F|  |TAMS 0x0000000081200000, 0x0000000081200000| Untracked 
|  19|0x0000000081300000, 0x0000000081300000, 0x0000000081400000|  0%| F|  |TAMS 0x0000000081300000, 0x0000000081300000| Untracked 
|  20|0x0000000081400000, 0x0000000081400000, 0x0000000081500000|  0%| F|  |TAMS 0x0000000081400000, 0x0000000081400000| Untracked 
|  21|0x0000000081500000, 0x0000000081500000, 0x0000000081600000|  0%| F|  |TAMS 0x0000000081500000, 0x0000000081500000| Untracked 
|  22|0x0000000081600000, 0x00000000816b4800, 0x0000000081700000| 70%| O|  |TAMS 0x0000000081600000, 0x0000000081600000| Untracked 
|  23|0x0000000081700000, 0x0000000081700000, 0x0000000081800000|  0%| F|  |TAMS 0x0000000081700000, 0x0000000081700000| Untracked 
|  24|0x0000000081800000, 0x0000000081800000, 0x0000000081900000|  0%| F|  |TAMS 0x0000000081800000, 0x0000000081800000| Untracked 
|  25|0x0000000081900000, 0x0000000081900000, 0x0000000081a00000|  0%| F|  |TAMS 0x0000000081900000, 0x0000000081900000| Untracked 
|  26|0x0000000081a00000, 0x0000000081a00000, 0x0000000081b00000|  0%| F|  |TAMS 0x0000000081a00000, 0x0000000081a00000| Untracked 
|  27|0x0000000081b00000, 0x0000000081b00000, 0x0000000081c00000|  0%| F|  |TAMS 0x0000000081b00000, 0x0000000081b00000| Untracked 
|  28|0x0000000081c00000, 0x0000000081c00000, 0x0000000081d00000|  0%| F|  |TAMS 0x0000000081c00000, 0x0000000081c00000| Untracked 
|  29|0x0000000081d00000, 0x0000000081d00000, 0x0000000081e00000|  0%| F|  |TAMS 0x0000000081d00000, 0x0000000081d00000| Untracked 
|  30|0x0000000081e00000, 0x0000000081e00000, 0x0000000081f00000|  0%| F|  |TAMS 0x0000000081e00000, 0x0000000081e00000| Untracked 
|  31|0x0000000081f00000, 0x0000000081f00000, 0x0000000082000000|  0%| F|  |TAMS 0x0000000081f00000, 0x0000000081f00000| Untracked 
|  32|0x0000000082000000, 0x0000000082000000, 0x0000000082100000|  0%| F|  |TAMS 0x0000000082000000, 0x0000000082000000| Untracked 
|  33|0x0000000082100000, 0x0000000082100000, 0x0000000082200000|  0%| F|  |TAMS 0x0000000082100000, 0x0000000082100000| Untracked 
|  34|0x0000000082200000, 0x0000000082200000, 0x0000000082300000|  0%| F|  |TAMS 0x0000000082200000, 0x0000000082200000| Untracked 
|  35|0x0000000082300000, 0x0000000082300000, 0x0000000082400000|  0%| F|  |TAMS 0x0000000082300000, 0x0000000082300000| Untracked 
|  36|0x0000000082400000, 0x0000000082400000, 0x0000000082500000|  0%| F|  |TAMS 0x0000000082400000, 0x0000000082400000| Untracked 
|  37|0x0000000082500000, 0x0000000082500000, 0x0000000082600000|  0%| F|  |TAMS 0x0000000082500000, 0x0000000082500000| Untracked 
|  38|0x0000000082600000, 0x0000000082600000, 0x0000000082700000|  0%| F|  |TAMS 0x0000000082600000, 0x0000000082600000| Untracked 
|  39|0x0000000082700000, 0x0000000082700000, 0x0000000082800000|  0%| F|  |TAMS 0x0000000082700000, 0x0000000082700000| Untracked 
|  40|0x0000000082800000, 0x0000000082800000, 0x0000000082900000|  0%| F|  |TAMS 0x0000000082800000, 0x0000000082800000| Untracked 
|  41|0x0000000082900000, 0x0000000082900000, 0x0000000082a00000|  0%| F|  |TAMS 0x0000000082900000, 0x0000000082900000| Untracked 
|  42|0x0000000082a00000, 0x0000000082a00000, 0x0000000082b00000|  0%| F|  |TAMS 0x0000000082a00000, 0x0000000082a00000| Untracked 
|  43|0x0000000082b00000, 0x0000000082b00000, 0x0000000082c00000|  0%| F|  |TAMS 0x0000000082b00000, 0x0000000082b00000| Untracked 
|  44|0x0000000082c00000, 0x0000000082c00000, 0x0000000082d00000|  0%| F|  |TAMS 0x0000000082c00000, 0x0000000082c00000| Untracked 
|  45|0x0000000082d00000, 0x0000000082d00000, 0x0000000082e00000|  0%| F|  |TAMS 0x0000000082d00000, 0x0000000082d00000| Untracked 
|  46|0x0000000082e00000, 0x0000000082ec4500, 0x0000000082f00000| 76%| S|CS|TAMS 0x0000000082e00000, 0x0000000082e00000| Complete 
|  47|0x0000000082f00000, 0x0000000083000000, 0x0000000083000000|100%| S|CS|TAMS 0x0000000082f00000, 0x0000000082f00000| Complete 
|  48|0x0000000083000000, 0x0000000083100000, 0x0000000083100000|100%| S|CS|TAMS 0x0000000083000000, 0x0000000083000000| Complete 
|  49|0x0000000083100000, 0x0000000083200000, 0x0000000083200000|100%| S|CS|TAMS 0x0000000083100000, 0x0000000083100000| Complete 
|  50|0x0000000083200000, 0x0000000083300000, 0x0000000083300000|100%| S|CS|TAMS 0x0000000083200000, 0x0000000083200000| Complete 
|  51|0x0000000083300000, 0x0000000083300000, 0x0000000083400000|  0%| F|  |TAMS 0x0000000083300000, 0x0000000083300000| Untracked 
|  52|0x0000000083400000, 0x0000000083400000, 0x0000000083500000|  0%| F|  |TAMS 0x0000000083400000, 0x0000000083400000| Untracked 
|  53|0x0000000083500000, 0x0000000083500000, 0x0000000083600000|  0%| F|  |TAMS 0x0000000083500000, 0x0000000083500000| Untracked 
|  54|0x0000000083600000, 0x0000000083600000, 0x0000000083700000|  0%| F|  |TAMS 0x0000000083600000, 0x0000000083600000| Untracked 
|  55|0x0000000083700000, 0x0000000083700000, 0x0000000083800000|  0%| F|  |TAMS 0x0000000083700000, 0x0000000083700000| Untracked 
|  56|0x0000000083800000, 0x0000000083800000, 0x0000000083900000|  0%| F|  |TAMS 0x0000000083800000, 0x0000000083800000| Untracked 
|  57|0x0000000083900000, 0x0000000083900000, 0x0000000083a00000|  0%| F|  |TAMS 0x0000000083900000, 0x0000000083900000| Untracked 
|  58|0x0000000083a00000, 0x0000000083a00000, 0x0000000083b00000|  0%| F|  |TAMS 0x0000000083a00000, 0x0000000083a00000| Untracked 
|  59|0x0000000083b00000, 0x0000000083b00000, 0x0000000083c00000|  0%| F|  |TAMS 0x0000000083b00000, 0x0000000083b00000| Untracked 
|  60|0x0000000083c00000, 0x0000000083c80800, 0x0000000083d00000| 50%| E|  |TAMS 0x0000000083c00000, 0x0000000083c00000| Complete 
|  61|0x0000000083d00000, 0x0000000083e00000, 0x0000000083e00000|100%| E|CS|TAMS 0x0000000083d00000, 0x0000000083d00000| Complete 
|  62|0x0000000083e00000, 0x0000000083f00000, 0x0000000083f00000|100%| E|CS|TAMS 0x0000000083e00000, 0x0000000083e00000| Complete 
|  63|0x0000000083f00000, 0x0000000084000000, 0x0000000084000000|100%| E|CS|TAMS 0x0000000083f00000, 0x0000000083f00000| Complete 
|  64|0x0000000084000000, 0x0000000084100000, 0x0000000084100000|100%| E|CS|TAMS 0x0000000084000000, 0x0000000084000000| Complete 
|  65|0x0000000084100000, 0x0000000084200000, 0x0000000084200000|100%| E|CS|TAMS 0x0000000084100000, 0x0000000084100000| Complete 
|  66|0x0000000084200000, 0x0000000084300000, 0x0000000084300000|100%| E|CS|TAMS 0x0000000084200000, 0x0000000084200000| Complete 
|  67|0x0000000084300000, 0x0000000084400000, 0x0000000084400000|100%| E|CS|TAMS 0x0000000084300000, 0x0000000084300000| Complete 
|  68|0x0000000084400000, 0x0000000084500000, 0x0000000084500000|100%| E|CS|TAMS 0x0000000084400000, 0x0000000084400000| Complete 
|  69|0x0000000084500000, 0x0000000084600000, 0x0000000084600000|100%| E|CS|TAMS 0x0000000084500000, 0x0000000084500000| Complete 
|  70|0x0000000084600000, 0x0000000084700000, 0x0000000084700000|100%| E|CS|TAMS 0x0000000084600000, 0x0000000084600000| Complete 
|  71|0x0000000084700000, 0x0000000084800000, 0x0000000084800000|100%| E|CS|TAMS 0x0000000084700000, 0x0000000084700000| Complete 
|  72|0x0000000084800000, 0x0000000084900000, 0x0000000084900000|100%| E|CS|TAMS 0x0000000084800000, 0x0000000084800000| Complete 
|  73|0x0000000084900000, 0x0000000084a00000, 0x0000000084a00000|100%| E|CS|TAMS 0x0000000084900000, 0x0000000084900000| Complete 
|  74|0x0000000084a00000, 0x0000000084b00000, 0x0000000084b00000|100%| E|CS|TAMS 0x0000000084a00000, 0x0000000084a00000| Complete 
|  75|0x0000000084b00000, 0x0000000084c00000, 0x0000000084c00000|100%| E|CS|TAMS 0x0000000084b00000, 0x0000000084b00000| Complete 
|  76|0x0000000084c00000, 0x0000000084d00000, 0x0000000084d00000|100%| E|CS|TAMS 0x0000000084c00000, 0x0000000084c00000| Complete 
|  77|0x0000000084d00000, 0x0000000084e00000, 0x0000000084e00000|100%| E|CS|TAMS 0x0000000084d00000, 0x0000000084d00000| Complete 
|  78|0x0000000084e00000, 0x0000000084f00000, 0x0000000084f00000|100%| E|CS|TAMS 0x0000000084e00000, 0x0000000084e00000| Complete 
|  79|0x0000000084f00000, 0x0000000085000000, 0x0000000085000000|100%| E|CS|TAMS 0x0000000084f00000, 0x0000000084f00000| Complete 
|  80|0x0000000085000000, 0x0000000085100000, 0x0000000085100000|100%| E|CS|TAMS 0x0000000085000000, 0x0000000085000000| Complete 
|  81|0x0000000085100000, 0x0000000085200000, 0x0000000085200000|100%| E|CS|TAMS 0x0000000085100000, 0x0000000085100000| Complete 
|  82|0x0000000085200000, 0x0000000085300000, 0x0000000085300000|100%| E|CS|TAMS 0x0000000085200000, 0x0000000085200000| Complete 
|  83|0x0000000085300000, 0x0000000085400000, 0x0000000085400000|100%| E|CS|TAMS 0x0000000085300000, 0x0000000085300000| Complete 
|  84|0x0000000085400000, 0x0000000085500000, 0x0000000085500000|100%| E|CS|TAMS 0x0000000085400000, 0x0000000085400000| Complete 
|  85|0x0000000085500000, 0x0000000085600000, 0x0000000085600000|100%| E|CS|TAMS 0x0000000085500000, 0x0000000085500000| Complete 
|  86|0x0000000085600000, 0x0000000085700000, 0x0000000085700000|100%| E|CS|TAMS 0x0000000085600000, 0x0000000085600000| Complete 
|  87|0x0000000085700000, 0x0000000085800000, 0x0000000085800000|100%| E|CS|TAMS 0x0000000085700000, 0x0000000085700000| Complete 
|  88|0x0000000085800000, 0x0000000085900000, 0x0000000085900000|100%| E|CS|TAMS 0x0000000085800000, 0x0000000085800000| Complete 
|  89|0x0000000085900000, 0x0000000085a00000, 0x0000000085a00000|100%| E|CS|TAMS 0x0000000085900000, 0x0000000085900000| Complete 
|  90|0x0000000085a00000, 0x0000000085b00000, 0x0000000085b00000|100%| E|CS|TAMS 0x0000000085a00000, 0x0000000085a00000| Complete 
|  91|0x0000000085b00000, 0x0000000085c00000, 0x0000000085c00000|100%| E|CS|TAMS 0x0000000085b00000, 0x0000000085b00000| Complete 
|  92|0x0000000085c00000, 0x0000000085d00000, 0x0000000085d00000|100%| E|CS|TAMS 0x0000000085c00000, 0x0000000085c00000| Complete 
|  93|0x0000000085d00000, 0x0000000085e00000, 0x0000000085e00000|100%| E|CS|TAMS 0x0000000085d00000, 0x0000000085d00000| Complete 
|  94|0x0000000085e00000, 0x0000000085f00000, 0x0000000085f00000|100%| E|CS|TAMS 0x0000000085e00000, 0x0000000085e00000| Complete 
|  95|0x0000000085f00000, 0x0000000086000000, 0x0000000086000000|100%| E|CS|TAMS 0x0000000085f00000, 0x0000000085f00000| Complete 

Card table byte_map: [0x0000018c758c0000,0x0000018c75cc0000] _byte_map_base: 0x0000018c754c0000

Marking Bits (Prev, Next): (CMBitMap*) 0x0000018c7111b398, (CMBitMap*) 0x0000018c7111b3d0
 Prev Bits: [0x0000018c760c0000, 0x0000018c780c0000)
 Next Bits: [0x0000018c780c0000, 0x0000018c7a0c0000)

Polling page: 0x0000018c6f820000

Metaspace:

Usage:
  Non-class:     36.59 MB capacity,    36.01 MB ( 98%) used,   511.65 KB (  1%) free+waste,    83.81 KB ( <1%) overhead. 
      Class:      5.64 MB capacity,     5.31 MB ( 94%) used,   296.63 KB (  5%) free+waste,    40.63 KB ( <1%) overhead. 
       Both:     42.23 MB capacity,    41.32 MB ( 98%) used,   808.28 KB (  2%) free+waste,   124.44 KB ( <1%) overhead. 

Virtual space:
  Non-class space:       38.00 MB reserved,      36.62 MB ( 96%) committed 
      Class space:        1.00 GB reserved,       5.75 MB ( <1%) committed 
             Both:        1.04 GB reserved,      42.37 MB (  4%) committed 

Chunk freelists:
   Non-Class:  0 bytes
       Class:  0 bytes
        Both:  0 bytes

MaxMetaspaceSize: 17179869184.00 GB
CompressedClassSpaceSize: 1.00 GB

CodeHeap 'non-profiled nmethods': size=120000Kb used=1828Kb max_used=1828Kb free=118171Kb
 bounds [0x0000018c07ad0000, 0x0000018c07d40000, 0x0000018c0f000000]
CodeHeap 'profiled nmethods': size=120000Kb used=6551Kb max_used=6551Kb free=113448Kb
 bounds [0x0000018c005a0000, 0x0000018c00c10000, 0x0000018c07ad0000]
CodeHeap 'non-nmethods': size=5760Kb used=2181Kb max_used=2231Kb free=3578Kb
 bounds [0x0000018c00000000, 0x0000018c00270000, 0x0000018c005a0000]
 total_blobs=3868 nmethods=3125 adapters=654
 compilation: enabled
              stopped_count=0, restarted_count=0
 full_count=0

Compilation events (20 events):
Event: 8.654 Thread 0x0000018c10b47000 nmethod 3245 0x0000018c07c84690 code [0x0000018c07c84840, 0x0000018c07c84b48]
Event: 8.671 Thread 0x0000018c10b47000 3303       4       java.lang.ClassLoader::defineClass (43 bytes)
Event: 8.681 Thread 0x0000018c7cb15000 3305       1       org.slf4j.impl.StaticLoggerBinder::getLoggerFactory (5 bytes)
Event: 8.681 Thread 0x0000018c7cb15000 nmethod 3305 0x0000018c07c84e10 code [0x0000018c07c84fc0, 0x0000018c07c85078]
Event: 8.850 Thread 0x0000018c7cb15000 3306       3       jdk.internal.misc.Unsafe::convEndian (16 bytes)
Event: 8.850 Thread 0x0000018c7cb15000 nmethod 3306 0x0000018c00bf2590 code [0x0000018c00bf2740, 0x0000018c00bf28f8]
Event: 8.874 Thread 0x0000018c10314800 nmethod 3197 0x0000018c07c85110 code [0x0000018c07c85900, 0x0000018c07c8d4b8]
Event: 8.875 Thread 0x0000018c10314800 3304       4       java.security.SecureClassLoader::getProtectionDomain (38 bytes)
Event: 8.883 Thread 0x0000018c10314800 nmethod 3304 0x0000018c07c91010 code [0x0000018c07c911e0, 0x0000018c07c91468]
Event: 8.889 Thread 0x0000018c7cb15000 3307       3       java.net.URI$Parser::scan (76 bytes)
Event: 8.890 Thread 0x0000018c7cb15000 nmethod 3307 0x0000018c00bf2990 code [0x0000018c00bf2be0, 0x0000018c00bf34b8]
Event: 8.890 Thread 0x0000018c7cb15000 3308       3       java.util.Collections::singletonIterator (9 bytes)
Event: 8.891 Thread 0x0000018c7cb15000 nmethod 3308 0x0000018c00bf3890 code [0x0000018c00bf3a60, 0x0000018c00bf3cb8]
Event: 8.891 Thread 0x0000018c7cb15000 3309       3       java.util.Collections$1::<init> (15 bytes)
Event: 8.892 Thread 0x0000018c7cb15000 nmethod 3309 0x0000018c00bf3d90 code [0x0000018c00bf3f40, 0x0000018c00bf40f8]
Event: 8.902 Thread 0x0000018c10b47000 nmethod 3303 0x0000018c07c91690 code [0x0000018c07c919a0, 0x0000018c07c94688]
Event: 9.015 Thread 0x0000018c7cb15000 3310       3       java.lang.invoke.BoundMethodHandle::rebind (14 bytes)
Event: 9.016 Thread 0x0000018c7cb15000 nmethod 3310 0x0000018c00bf4190 code [0x0000018c00bf43e0, 0x0000018c00bf4d28]
Event: 9.017 Thread 0x0000018c7cb15000 3311       3       java.lang.invoke.BoundMethodHandle::tooComplex (27 bytes)
Event: 9.017 Thread 0x0000018c7cb15000 nmethod 3311 0x0000018c00bf5090 code [0x0000018c00bf5280, 0x0000018c00bf56d8]

GC Heap History (14 events):
Event: 1.341 GC heap before
{Heap before GC invocations=0 (full 0):
 garbage-first heap   total 98304K, used 29696K [0x0000000080000000, 0x0000000100000000)
  region size 1024K, 24 young (24576K), 0 survivors (0K)
 Metaspace       used 10698K, capacity 10996K, committed 11264K, reserved 1058816K
  class space    used 1130K, capacity 1200K, committed 1280K, reserved 1048576K
}
Event: 1.352 GC heap after
{Heap after GC invocations=1 (full 0):
 garbage-first heap   total 98304K, used 9309K [0x0000000080000000, 0x0000000100000000)
  region size 1024K, 3 young (3072K), 3 survivors (3072K)
 Metaspace       used 10698K, capacity 10996K, committed 11264K, reserved 1058816K
  class space    used 1130K, capacity 1200K, committed 1280K, reserved 1048576K
}
Event: 3.212 GC heap before
{Heap before GC invocations=1 (full 0):
 garbage-first heap   total 98304K, used 64605K [0x0000000080000000, 0x0000000100000000)
  region size 1024K, 57 young (58368K), 3 survivors (3072K)
 Metaspace       used 16240K, capacity 16676K, committed 16896K, reserved 1064960K
  class space    used 1858K, capacity 1991K, committed 2048K, reserved 1048576K
}
Event: 3.219 GC heap after
{Heap after GC invocations=2 (full 0):
 garbage-first heap   total 98304K, used 14657K [0x0000000080000000, 0x0000000100000000)
  region size 1024K, 8 young (8192K), 8 survivors (8192K)
 Metaspace       used 16240K, capacity 16676K, committed 16896K, reserved 1064960K
  class space    used 1858K, capacity 1991K, committed 2048K, reserved 1048576K
}
Event: 4.008 GC heap before
{Heap before GC invocations=2 (full 0):
 garbage-first heap   total 98304K, used 44353K [0x0000000080000000, 0x0000000100000000)
  region size 1024K, 38 young (38912K), 8 survivors (8192K)
 Metaspace       used 20573K, capacity 21127K, committed 21296K, reserved 1069056K
  class space    used 2518K, capacity 2680K, committed 2688K, reserved 1048576K
}
Event: 4.016 GC heap after
{Heap after GC invocations=3 (full 0):
 garbage-first heap   total 98304K, used 16164K [0x0000000080000000, 0x0000000100000000)
  region size 1024K, 2 young (2048K), 2 survivors (2048K)
 Metaspace       used 20573K, capacity 21127K, committed 21296K, reserved 1069056K
  class space    used 2518K, capacity 2680K, committed 2688K, reserved 1048576K
}
Event: 4.871 GC heap before
{Heap before GC invocations=4 (full 0):
 garbage-first heap   total 98304K, used 54052K [0x0000000080000000, 0x0000000100000000)
  region size 1024K, 40 young (40960K), 2 survivors (2048K)
 Metaspace       used 25056K, capacity 25772K, committed 26032K, reserved 1071104K
  class space    used 3234K, capacity 3464K, committed 3584K, reserved 1048576K
}
Event: 4.874 GC heap after
{Heap after GC invocations=5 (full 0):
 garbage-first heap   total 98304K, used 17664K [0x0000000080000000, 0x0000000100000000)
  region size 1024K, 3 young (3072K), 3 survivors (3072K)
 Metaspace       used 25056K, capacity 25772K, committed 26032K, reserved 1071104K
  class space    used 3234K, capacity 3464K, committed 3584K, reserved 1048576K
}
Event: 5.877 GC heap before
{Heap before GC invocations=5 (full 0):
 garbage-first heap   total 98304K, used 60672K [0x0000000080000000, 0x0000000100000000)
  region size 1024K, 45 young (46080K), 3 survivors (3072K)
 Metaspace       used 30215K, capacity 30870K, committed 31152K, reserved 1077248K
  class space    used 4029K, capacity 4292K, committed 4352K, reserved 1048576K
}
Event: 5.882 GC heap after
{Heap after GC invocations=6 (full 0):
 garbage-first heap   total 98304K, used 19258K [0x0000000080000000, 0x0000000100000000)
  region size 1024K, 5 young (5120K), 5 survivors (5120K)
 Metaspace       used 30215K, capacity 30870K, committed 31152K, reserved 1077248K
  class space    used 4029K, capacity 4292K, committed 4352K, reserved 1048576K
}
Event: 6.349 GC heap before
{Heap before GC invocations=6 (full 0):
 garbage-first heap   total 98304K, used 34618K [0x0000000080000000, 0x0000000100000000)
  region size 1024K, 21 young (21504K), 5 survivors (5120K)
 Metaspace       used 34937K, capacity 35664K, committed 35708K, reserved 1081344K
  class space    used 4545K, capacity 4850K, committed 4864K, reserved 1048576K
}
Event: 6.358 GC heap after
{Heap after GC invocations=7 (full 0):
 garbage-first heap   total 98304K, used 21263K [0x0000000080000000, 0x0000000100000000)
  region size 1024K, 4 young (4096K), 4 survivors (4096K)
 Metaspace       used 34937K, capacity 35664K, committed 35708K, reserved 1081344K
  class space    used 4545K, capacity 4850K, committed 4864K, reserved 1048576K
}
Event: 7.776 GC heap before
{Heap before GC invocations=8 (full 0):
 garbage-first heap   total 98304K, used 66319K [0x0000000080000000, 0x0000000100000000)
  region size 1024K, 45 young (46080K), 4 survivors (4096K)
 Metaspace       used 39892K, capacity 40809K, committed 40828K, reserved 1085440K
  class space    used 5064K, capacity 5361K, committed 5376K, reserved 1048576K
}
Event: 7.785 GC heap after
{Heap after GC invocations=9 (full 0):
 garbage-first heap   total 98304K, used 24035K [0x0000000080000000, 0x0000000100000000)
  region size 1024K, 5 young (5120K), 5 survivors (5120K)
 Metaspace       used 39892K, capacity 40809K, committed 40828K, reserved 1085440K
  class space    used 5064K, capacity 5361K, committed 5376K, reserved 1048576K
}

Deoptimization events (20 events):
Event: 7.614 Thread 0x0000018c0f7b0800 Uncommon trap: trap_request=0xffffff4d fr.pc=0x0000018c07be91dc relative=0x000000000000607c
Event: 7.614 Thread 0x0000018c0f7b0800 Uncommon trap: reason=unstable_if action=reinterpret pc=0x0000018c07be91dc method=java.net.URLClassLoader.defineClass(Ljava/lang/String;Ljdk/internal/loader/Resource;)Ljava/lang/Class; @ 21 c2
Event: 7.614 Thread 0x0000018c0f7b0800 DEOPT PACKING pc=0x0000018c07be91dc sp=0x00000048e0af8c20
Event: 7.614 Thread 0x0000018c0f7b0800 DEOPT UNPACKING pc=0x0000018c000274af sp=0x00000048e0af8bd8 mode 2
Event: 7.894 Thread 0x0000018c0f7b0800 Uncommon trap: trap_request=0xffffff4d fr.pc=0x0000018c07bfc844 relative=0x0000000000000964
Event: 7.894 Thread 0x0000018c0f7b0800 Uncommon trap: reason=unstable_if action=reinterpret pc=0x0000018c07bfc844 method=java.util.WeakHashMap.eq(Ljava/lang/Object;Ljava/lang/Object;)Z @ 2 c2
Event: 7.894 Thread 0x0000018c0f7b0800 DEOPT PACKING pc=0x0000018c07bfc844 sp=0x00000048e0af4520
Event: 7.894 Thread 0x0000018c0f7b0800 DEOPT UNPACKING pc=0x0000018c000274af sp=0x00000048e0af4490 mode 2
Event: 8.386 Thread 0x0000018c0f7b0800 Uncommon trap: trap_request=0xffffff4d fr.pc=0x0000018c07b3f58c relative=0x00000000000001cc
Event: 8.386 Thread 0x0000018c0f7b0800 Uncommon trap: reason=unstable_if action=reinterpret pc=0x0000018c07b3f58c method=java.net.URI$Parser.scan(IILjava/lang/String;)I @ 26 c2
Event: 8.386 Thread 0x0000018c0f7b0800 DEOPT PACKING pc=0x0000018c07b3f58c sp=0x00000048e0af91e0
Event: 8.386 Thread 0x0000018c0f7b0800 DEOPT UNPACKING pc=0x0000018c000274af sp=0x00000048e0af9170 mode 2
Event: 8.386 Thread 0x0000018c0f7b0800 Uncommon trap: trap_request=0xffffff4d fr.pc=0x0000018c07b1c5dc relative=0x000000000000011c
Event: 8.386 Thread 0x0000018c0f7b0800 Uncommon trap: reason=unstable_if action=reinterpret pc=0x0000018c07b1c5dc method=java.net.URI.match(CJJ)Z @ 45 c2
Event: 8.386 Thread 0x0000018c0f7b0800 DEOPT PACKING pc=0x0000018c07b1c5dc sp=0x00000048e0af8f50
Event: 8.386 Thread 0x0000018c0f7b0800 DEOPT UNPACKING pc=0x0000018c000274af sp=0x00000048e0af8e88 mode 2
Event: 8.386 Thread 0x0000018c0f7b0800 Uncommon trap: trap_request=0xffffff4d fr.pc=0x0000018c07aec768 relative=0x0000000000000048
Event: 8.386 Thread 0x0000018c0f7b0800 Uncommon trap: reason=unstable_if action=reinterpret pc=0x0000018c07aec768 method=java.net.URI.match(CJJ)Z @ 19 c2
Event: 8.386 Thread 0x0000018c0f7b0800 DEOPT PACKING pc=0x0000018c07aec768 sp=0x00000048e0af8f60
Event: 8.386 Thread 0x0000018c0f7b0800 DEOPT UNPACKING pc=0x0000018c000274af sp=0x00000048e0af8f10 mode 2

Classes redefined (0 events):
No events

Internal exceptions (20 events):
Event: 7.879 Thread 0x0000018c0f7b0800 Exception <a 'java/lang/ClassNotFoundException'{0x0000000085adb140}: org/gradle/api/internal/DefaultDomainObjectCollectionBeanInfo> (0x0000000085adb140) thrown at [./src/hotspot/share/classfile/systemDictionary.cpp, line 231]
Event: 7.880 Thread 0x0000018c0f7b0800 Exception <a 'java/lang/ClassNotFoundException'{0x0000000085ae0be8}: java/util/AbstractCollectionBeanInfo> (0x0000000085ae0be8) thrown at [./src/hotspot/share/classfile/systemDictionary.cpp, line 231]
Event: 7.881 Thread 0x0000018c0f7b0800 Exception <a 'java/lang/ClassNotFoundException'{0x0000000085ae6798}: java/util/AbstractCollectionCustomizer> (0x0000000085ae6798) thrown at [./src/hotspot/share/classfile/systemDictionary.cpp, line 231]
Event: 7.886 Thread 0x0000018c0f7b0800 Exception <a 'java/lang/ClassNotFoundException'{0x0000000085912a30}: org/gradle/api/internal/DefaultDomainObjectCollectionCustomizer> (0x0000000085912a30) thrown at [./src/hotspot/share/classfile/systemDictionary.cpp, line 231]
Event: 7.893 Thread 0x0000018c0f7b0800 Exception <a 'java/lang/ClassNotFoundException'{0x0000000085953a90}: org/gradle/api/internal/DefaultNamedDomainObjectCollectionCustomizer> (0x0000000085953a90) thrown at [./src/hotspot/share/classfile/systemDictionary.cpp, line 231]
Event: 7.907 Thread 0x0000018c0f7b0800 Exception <a 'java/lang/ClassNotFoundException'{0x00000000859a8570}: org/gradle/api/internal/DefaultNamedDomainObjectListCustomizer> (0x00000000859a8570) thrown at [./src/hotspot/share/classfile/systemDictionary.cpp, line 231]
Event: 7.912 Thread 0x0000018c0f7b0800 Exception <a 'java/lang/ClassNotFoundException'{0x00000000859f4528}: org/gradle/api/internal/artifacts/DefaultArtifactRepositoryContainerCustomizer> (0x00000000859f4528) thrown at [./src/hotspot/share/classfile/systemDictionary.cpp, line 231]
Event: 7.917 Thread 0x0000018c0f7b0800 Exception <a 'java/lang/ClassNotFoundException'{0x0000000085836808}: org/gradle/api/internal/artifacts/dsl/DefaultRepositoryHandlerCustomizer> (0x0000000085836808) thrown at [./src/hotspot/share/classfile/systemDictionary.cpp, line 231]
Event: 7.924 Thread 0x0000018c0f7b0800 Exception <a 'java/lang/ClassNotFoundException'{0x0000000085889c70}: org/gradle/api/internal/artifacts/dsl/DefaultRepositoryHandler_DecoratedCustomizer> (0x0000000085889c70) thrown at [./src/hotspot/share/classfile/systemDictionary.cpp, line 231]
Event: 7.999 Thread 0x0000018c0f7b0800 Exception <a 'java/lang/NoSuchMethodError'{0x00000000855e2c48}: 'int java.lang.invoke.DirectMethodHandle$Holder.invokeStaticInit(java.lang.Object, java.lang.Object, java.lang.Object, java.lang.Object)'> (0x00000000855e2c48) thrown at [./src/hotspot/share/interpreter/linkResolver.cpp, line 773]
Event: 8.222 Thread 0x0000018c0f7b0800 Exception <a 'java/lang/ClassNotFoundException'{0x0000000084e64860}: org/gradle/api/internal/artifacts/dsl/dependencies/DefaultDependencyHandler_DecoratedBeanInfo> (0x0000000084e64860) thrown at [./src/hotspot/share/classfile/systemDictionary.cpp, line 231]
Event: 8.227 Thread 0x0000018c0f7b0800 Exception <a 'java/lang/ClassNotFoundException'{0x0000000084e99950}: org/gradle/api/internal/artifacts/dsl/dependencies/DefaultDependencyHandlerBeanInfo> (0x0000000084e99950) thrown at [./src/hotspot/share/classfile/systemDictionary.cpp, line 231]
Event: 8.237 Thread 0x0000018c0f7b0800 Exception <a 'java/lang/ClassNotFoundException'{0x0000000084ecea28}: org/gradle/api/internal/artifacts/dsl/dependencies/DefaultDependencyHandlerCustomizer> (0x0000000084ecea28) thrown at [./src/hotspot/share/classfile/systemDictionary.cpp, line 231]
Event: 8.245 Thread 0x0000018c0f7b0800 Exception <a 'java/lang/ClassNotFoundException'{0x0000000084d23048}: org/gradle/api/internal/artifacts/dsl/dependencies/DefaultDependencyHandler_DecoratedCustomizer> (0x0000000084d23048) thrown at [./src/hotspot/share/classfile/systemDictionary.cpp, line 231]
Event: 8.297 Thread 0x0000018c0f7b0800 Exception <a 'java/lang/ClassNotFoundException'{0x0000000084caa9d8}: groovy/lang/GString$1BeanInfo> (0x0000000084caa9d8) thrown at [./src/hotspot/share/classfile/systemDictionary.cpp, line 231]
Event: 8.302 Thread 0x0000018c0f7b0800 Exception <a 'java/lang/ClassNotFoundException'{0x0000000084cc65e8}: groovy/lang/GStringBeanInfo> (0x0000000084cc65e8) thrown at [./src/hotspot/share/classfile/systemDictionary.cpp, line 231]
Event: 8.304 Thread 0x0000018c0f7b0800 Exception <a 'java/lang/ClassNotFoundException'{0x0000000084ce1cb0}: groovy/lang/GStringCustomizer> (0x0000000084ce1cb0) thrown at [./src/hotspot/share/classfile/systemDictionary.cpp, line 231]
Event: 8.310 Thread 0x0000018c0f7b0800 Exception <a 'java/lang/ClassNotFoundException'{0x0000000084b06d40}: groovy/lang/GString$1Customizer> (0x0000000084b06d40) thrown at [./src/hotspot/share/classfile/systemDictionary.cpp, line 231]
Event: 8.322 Thread 0x0000018c0f7b0800 Exception <a 'java/lang/ClassNotFoundException'{0x0000000084b9efc0}: org/codehaus/groovy/runtime/GStringImplBeanInfo> (0x0000000084b9efc0) thrown at [./src/hotspot/share/classfile/systemDictionary.cpp, line 231]
Event: 8.325 Thread 0x0000018c0f7b0800 Exception <a 'java/lang/ClassNotFoundException'{0x0000000084bbd098}: org/codehaus/groovy/runtime/GStringImplCustomizer> (0x0000000084bbd098) thrown at [./src/hotspot/share/classfile/systemDictionary.cpp, line 231]

Events (20 events):
Event: 9.019 loading class org/gradle/api/internal/artifacts/Module
Event: 9.019 loading class org/gradle/api/internal/artifacts/Module done
Event: 9.019 loading class org/gradle/api/internal/project/ProjectInternal
Event: 9.019 loading class org/gradle/api/internal/project/ProjectInternal done
Event: 9.019 loading class org/gradle/api/internal/artifacts/ivyservice/moduleconverter/DefaultRootComponentMetadataBuilder
Event: 9.019 loading class org/gradle/api/internal/artifacts/ivyservice/moduleconverter/DefaultRootComponentMetadataBuilder done
Event: 9.022 loading class org/gradle/caching/internal/packaging/impl/DefaultTarPackerFileSystemSupport
Event: 9.022 loading class org/gradle/caching/internal/packaging/impl/DefaultTarPackerFileSystemSupport done
Event: 9.024 loading class org/gradle/caching/internal/packaging/impl/GZipBuildCacheEntryPacker
Event: 9.024 loading class org/gradle/caching/internal/packaging/impl/GZipBuildCacheEntryPacker done
Event: 9.025 loading class java/util/zip/GZIPOutputStream
Event: 9.025 loading class java/util/zip/DeflaterOutputStream
Event: 9.026 loading class java/util/zip/DeflaterOutputStream done
Event: 9.026 loading class java/util/zip/GZIPOutputStream done
Event: 9.027 loading class java/util/zip/GZIPInputStream
Event: 9.027 loading class java/util/zip/GZIPInputStream done
Event: 9.027 loading class org/gradle/caching/internal/packaging/impl/TarBuildCacheEntryPacker
Event: 9.027 loading class org/gradle/caching/internal/packaging/impl/TarBuildCacheEntryPacker done
Event: 9.030 loading class org/apache/commons/compress/archivers/tar/TarArchiveInputStream
Event: 9.030 loading class org/apache/commons/compress/archivers/tar/TarArchiveInputStream done


Dynamic libraries:
0x00007ff7a7660000 - 0x00007ff7a766a000 	C:\Program Files\Android\Android Studio\jre\bin\java.exe
0x00007ffdef6b0000 - 0x00007ffdef8a5000 	C:\WINDOWS\SYSTEM32\ntdll.dll
0x00007ffded720000 - 0x00007ffded7dd000 	C:\WINDOWS\System32\KERNEL32.DLL
0x00007ffded1e0000 - 0x00007ffded4a8000 	C:\WINDOWS\System32\KERNELBASE.dll
0x00007ffded4b0000 - 0x00007ffded5b0000 	C:\WINDOWS\System32\ucrtbase.dll
0x00007ffddee10000 - 0x00007ffddee27000 	C:\Program Files\Android\Android Studio\jre\bin\VCRUNTIME140.dll
0x00007ffdd9f40000 - 0x00007ffdd9f59000 	C:\Program Files\Android\Android Studio\jre\bin\jli.dll
0x00007ffdee090000 - 0x00007ffdee230000 	C:\WINDOWS\System32\USER32.dll
0x00007ffded5b0000 - 0x00007ffded5d2000 	C:\WINDOWS\System32\win32u.dll
0x00007ffddc060000 - 0x00007ffddc2fa000 	C:\WINDOWS\WinSxS\amd64_microsoft.windows.common-controls_6595b64144ccf1df_6.0.19041.1052_none_60b8f8fd71f5e8cb\COMCTL32.dll
0x00007ffdee9f0000 - 0x00007ffdeea1a000 	C:\WINDOWS\System32\GDI32.dll
0x00007ffded7f0000 - 0x00007ffded88e000 	C:\WINDOWS\System32\msvcrt.dll
0x00007ffdecf70000 - 0x00007ffded07b000 	C:\WINDOWS\System32\gdi32full.dll
0x00007ffdece70000 - 0x00007ffdecf0d000 	C:\WINDOWS\System32\msvcp_win.dll
0x00007ffdee490000 - 0x00007ffdee4c0000 	C:\WINDOWS\System32\IMM32.DLL
0x00007ffdca740000 - 0x00007ffdca7dd000 	C:\Program Files\Android\Android Studio\jre\bin\msvcp140.dll
0x00007ffdb4640000 - 0x00007ffdb50fc000 	C:\Program Files\Android\Android Studio\jre\bin\server\jvm.dll
0x00007ffdef280000 - 0x00007ffdef32c000 	C:\WINDOWS\System32\ADVAPI32.dll
0x00007ffdee4c0000 - 0x00007ffdee55b000 	C:\WINDOWS\System32\sechost.dll
0x00007ffdee8c0000 - 0x00007ffdee9eb000 	C:\WINDOWS\System32\RPCRT4.dll
0x00007ffdef660000 - 0x00007ffdef668000 	C:\WINDOWS\System32\PSAPI.DLL
0x00007ffde1620000 - 0x00007ffde1647000 	C:\WINDOWS\SYSTEM32\WINMM.dll
0x00007ffde7aa0000 - 0x00007ffde7aa9000 	C:\WINDOWS\SYSTEM32\WSOCK32.dll
0x00007ffddff10000 - 0x00007ffddff1a000 	C:\WINDOWS\SYSTEM32\VERSION.dll
0x00007ffdeec70000 - 0x00007ffdeecdb000 	C:\WINDOWS\System32\WS2_32.dll
0x00007ffdeb6b0000 - 0x00007ffdeb6c2000 	C:\WINDOWS\SYSTEM32\kernel.appcore.dll
0x00007ffde2eb0000 - 0x00007ffde2ec1000 	C:\Program Files\Android\Android Studio\jre\bin\verify.dll
0x00007ffdeb470000 - 0x00007ffdeb654000 	C:\WINDOWS\SYSTEM32\DBGHELP.DLL
0x00007ffde3820000 - 0x00007ffde384c000 	C:\WINDOWS\SYSTEM32\dbgcore.DLL
0x00007ffded690000 - 0x00007ffded713000 	C:\WINDOWS\System32\bcryptPrimitives.dll
0x00007ffdd8320000 - 0x00007ffdd8349000 	C:\Program Files\Android\Android Studio\jre\bin\java.dll
0x00007ffde7a00000 - 0x00007ffde7a0b000 	C:\Program Files\Android\Android Studio\jre\bin\jimage.dll
0x00007ffdd8d20000 - 0x00007ffdd8d38000 	C:\Program Files\Android\Android Studio\jre\bin\zip.dll
0x00007ffded8f0000 - 0x00007ffdee02f000 	C:\WINDOWS\System32\SHELL32.dll
0x00007ffdeaba0000 - 0x00007ffdeb330000 	C:\WINDOWS\SYSTEM32\windows.storage.dll
0x00007ffdee560000 - 0x00007ffdee8b5000 	C:\WINDOWS\System32\combase.dll
0x00007ffdec790000 - 0x00007ffdec7bc000 	C:\WINDOWS\SYSTEM32\Wldp.dll
0x00007ffdee3e0000 - 0x00007ffdee48e000 	C:\WINDOWS\System32\SHCORE.dll
0x00007ffdee030000 - 0x00007ffdee085000 	C:\WINDOWS\System32\shlwapi.dll
0x00007ffdecd30000 - 0x00007ffdecd4f000 	C:\WINDOWS\SYSTEM32\profapi.dll
0x00007ffdd8720000 - 0x00007ffdd873a000 	C:\Program Files\Android\Android Studio\jre\bin\net.dll
0x00007ffde42c0000 - 0x00007ffde43cb000 	C:\WINDOWS\SYSTEM32\WINHTTP.dll
0x00007ffdec4b0000 - 0x00007ffdec51a000 	C:\WINDOWS\system32\mswsock.dll
0x00007ffdd7d20000 - 0x00007ffdd7d34000 	C:\Program Files\Android\Android Studio\jre\bin\nio.dll
0x00007ffddee30000 - 0x00007ffddee56000 	C:\Users\gulsa\.gradle\native\fdc75f09e3144964f2cf3f50f0aa648679c211496f362492102eb8c894070792\windows-amd64\native-platform.dll
0x00007ffdca250000 - 0x00007ffdca3e1000 	C:\Users\gulsa\.gradle\native\12488b8bf47d2d4c9fbf2f6322a914ad602e24e48041cd04a747c6da556b65c4\windows-amd64\native-platform-file-events.dll
0x00007ffde7960000 - 0x00007ffde796a000 	C:\Program Files\Android\Android Studio\jre\bin\management.dll
0x00007ffde7910000 - 0x00007ffde791c000 	C:\Program Files\Android\Android Studio\jre\bin\management_ext.dll
0x00007ffdec6c0000 - 0x00007ffdec6d8000 	C:\WINDOWS\SYSTEM32\CRYPTSP.dll
0x00007ffdebe60000 - 0x00007ffdebe94000 	C:\WINDOWS\system32\rsaenh.dll
0x00007ffdecdf0000 - 0x00007ffdece17000 	C:\WINDOWS\System32\bcrypt.dll
0x00007ffdeccb0000 - 0x00007ffdeccde000 	C:\WINDOWS\SYSTEM32\USERENV.dll
0x00007ffdec6b0000 - 0x00007ffdec6bc000 	C:\WINDOWS\SYSTEM32\CRYPTBASE.dll
0x00007ffdec1c0000 - 0x00007ffdec1fb000 	C:\WINDOWS\SYSTEM32\IPHLPAPI.DLL
0x00007ffded7e0000 - 0x00007ffded7e8000 	C:\WINDOWS\System32\NSI.dll
0x00007ffde46e0000 - 0x00007ffde46f7000 	C:\WINDOWS\SYSTEM32\dhcpcsvc6.DLL
0x00007ffde4970000 - 0x00007ffde498d000 	C:\WINDOWS\SYSTEM32\dhcpcsvc.DLL
0x00007ffdec200000 - 0x00007ffdec2cc000 	C:\WINDOWS\SYSTEM32\DNSAPI.dll
0x00007ffde5690000 - 0x00007ffde569b000 	C:\WINDOWS\SYSTEM32\WINNSI.DLL

dbghelp: loaded successfully - version: 4.0.5 - missing functions: none
symbol engine: initialized successfully - sym options: 0x614 - pdb path: .;C:\Program Files\Android\Android Studio\jre\bin;C:\WINDOWS\SYSTEM32;C:\WINDOWS\WinSxS\amd64_microsoft.windows.common-controls_6595b64144ccf1df_6.0.19041.1052_none_60b8f8fd71f5e8cb;C:\Program Files\Android\Android Studio\jre\bin\server;C:\Users\gulsa\.gradle\native\fdc75f09e3144964f2cf3f50f0aa648679c211496f362492102eb8c894070792\windows-amd64;C:\Users\gulsa\.gradle\native\12488b8bf47d2d4c9fbf2f6322a914ad602e24e48041cd04a747c6da556b65c4\windows-amd64

VM Arguments:
jvm_args: --add-opens=java.base/java.util=ALL-UNNAMED --add-opens=java.base/java.lang=ALL-UNNAMED --add-opens=java.base/java.lang.invoke=ALL-UNNAMED --add-opens=java.prefs/java.util.prefs=ALL-UNNAMED -Xmx2048m -Dfile.encoding=UTF-8 -Duser.country=TR -Duser.language=tr -Duser.variant 
java_command: org.gradle.launcher.daemon.bootstrap.GradleDaemon 6.7.1
java_class_path (initial): C:\Users\gulsa\.gradle\wrapper\dists\gradle-6.7.1-bin\bwlcbys1h7rz3272sye1xwiv6\gradle-6.7.1\lib\gradle-launcher-6.7.1.jar
Launcher Type: SUN_STANDARD

[Global flags]
     intx CICompilerCount                          = 4                                         {product} {ergonomic}
     uint ConcGCThreads                            = 2                                         {product} {ergonomic}
     uint G1ConcRefinementThreads                  = 8                                         {product} {ergonomic}
   size_t G1HeapRegionSize                         = 1048576                                   {product} {ergonomic}
    uintx GCDrainStackTargetSize                   = 64                                        {product} {ergonomic}
   size_t InitialHeapSize                          = 100663296                                 {product} {ergonomic}
   size_t MarkStackSize                            = 4194304                                   {product} {ergonomic}
   size_t MaxHeapSize                              = 2147483648                                {product} {command line}
   size_t MaxNewSize                               = 1287651328                                {product} {ergonomic}
   size_t MinHeapDeltaBytes                        = 1048576                                   {product} {ergonomic}
    uintx NonNMethodCodeHeapSize                   = 5836300                                {pd product} {ergonomic}
    uintx NonProfiledCodeHeapSize                  = 122910970                              {pd product} {ergonomic}
    uintx ProfiledCodeHeapSize                     = 122910970                              {pd product} {ergonomic}
    uintx ReservedCodeCacheSize                    = 251658240                              {pd product} {ergonomic}
     bool SegmentedCodeCache                       = true                                      {product} {ergonomic}
     bool UseCompressedClassPointers               = true                                 {lp64_product} {ergonomic}
     bool UseCompressedOops                        = true                                 {lp64_product} {ergonomic}
     bool UseG1GC                                  = true                                      {product} {ergonomic}
     bool UseLargePagesIndividualAllocation        = false                                  {pd product} {ergonomic}

Logging:
Log output configuration:
 #0: stdout all=warning uptime,level,tags
 #1: stderr all=off uptime,level,tags

Environment Variables:
PATH=C:\WINDOWS\system32;C:\WINDOWS;C:\WINDOWS\System32\Wbem;C:\WINDOWS\System32\WindowsPowerShell\v1.0\;C:\WINDOWS\System32\OpenSSH\;C:\Program Files\dotnet\;C:\Program Files\Microsoft SQL Server\Client SDK\ODBC\130\Tools\Binn\;C:\Program Files\Git\cmd;C:\Program Files (x86)\dotnet\;C:\Users\gulsa\anaconda3;C:\Users\gulsa\anaconda3\Library\mingw-w64\bin;C:\Users\gulsa\anaconda3\Library\usr\bin;C:\Users\gulsa\anaconda3\Library\bin;C:\Users\gulsa\anaconda3\Scripts;C:\Users\gulsa\AppData\Local\Programs\Python\Python37-32\Scripts\;C:\Users\gulsa\AppData\Local\Programs\Python\Python37-32\;C:\Users\gulsa\AppData\Local\Microsoft\WindowsApps;C:\Users\gulsa\AppData\Local\Programs\Microsoft VS Code\bin;C:\Users\gulsa\.dotnet\tools;C:\Users\gulsa\AppData\Local\GitHubDesktop\bin;C:\Users\gulsa\AppData\Local\Android\Sdk\platform-tools;C:\src\flutter\bin;;%USERPROFILE%\AppData\Local\Microsoft\WindowsApps
USERNAME=gulsa
OS=Windows_NT
PROCESSOR_IDENTIFIER=AMD64 Family 23 Model 24 Stepping 1, AuthenticAMD



---------------  S Y S T E M  ---------------

OS: Windows 10 , 64 bit Build 19041 (10.0.19041.1023)
OS uptime: 21 days 22:58 hours
HyperV virtualization detected

CPU:total 8 (initial active 8) (8 cores per cpu, 2 threads per core) family 23 model 24 stepping 1, cmov, cx8, fxsr, mmx, sse, sse2, sse3, ssse3, sse4.1, sse4.2, popcnt, avx, avx2, aes, clmul, mmxext, 3dnowpref, lzcnt, sse4a, ht, tsc, tscinvbit, tscinv, bmi1, bmi2, adx, sha, fma

Memory: 4k page, system-wide physical 6020M (721M free)
TotalPageFile size 24452M (AvailPageFile size 2M)
current process WorkingSet (physical memory assigned to process): 238M, peak: 248M
current process commit charge ("private bytes"): 290M, peak: 297M

vm_info: OpenJDK 64-Bit Server VM (11.0.8+10-b944.6842174) for windows-amd64 JRE (11.0.8+10-b944.6842174), built on Sep 19 2020 01:11:42 by "builder" with MS VC++ 14.0 (VS2015)

END.
